#
# A fatal error has been detected by the Java Runtime Environment:
#
#  EXCEPTION_ACCESS_VIOLATION (0xc0000005) at pc=0x0000000066b24aaf, pid=14872, tid=6860
#
# JRE version: OpenJDK Runtime Environment Zulu15.38+17-CA (15.0.6+5) (build 15.0.6+5-MTS)
# Java VM: OpenJDK 64-Bit Server VM Zulu15.38+17-CA (15.0.6+5-MTS, mixed mode, sharing, tiered, compressed oops, g1 gc, windows-amd64)
# Problematic frame:
# C  [gdx-box2d64.dll+0x24aaf]
#
# No core dump will be written. Minidumps are not enabled by default on client versions of Windows
#
# If you would like to submit a bug report, please visit:
#   http://www.azul.com/support/
# The crash happened outside the Java Virtual Machine in native code.
# See problematic frame for where to report the bug.
#

---------------  S U M M A R Y ------------

Command Line: -Dfile.encoding=windows-1252 -Duser.country=GB -Duser.language=en -Duser.variant com.viliu.subwaygunner.desktop.DesktopLauncher

Host: AMD Ryzen 5 5500U with Radeon Graphics         , 12 cores, 15G,  Windows 11 , 64 bit Build 22000 (10.0.22000.434)
Time: Tue Mar 15 21:56:23 2022 FLE Standard Time elapsed time: 2.705213 seconds (0d 0h 0m 2s)

---------------  T H R E A D  ---------------

Current thread (0x000002ca14ffbab0):  JavaThread "LWJGL Application" [_thread_in_native, id=6860, stack(0x000000fe8ce00000,0x000000fe8cf00000)]

Stack: [0x000000fe8ce00000,0x000000fe8cf00000],  sp=0x000000fe8cefeb90,  free space=1018k
Native frames: (J=compiled Java code, j=interpreted, Vv=VM code, C=native code)
C  [gdx-box2d64.dll+0x24aaf]

Java frames: (J=compiled Java code, j=interpreted, Vv=VM code)
J 1098  com.badlogic.gdx.physics.box2d.Body.jniGetPosition(J[F)V (0 bytes) @ 0x000002ca07b4e67f [0x000002ca07b4e620+0x000000000000005f]
J 1097 c1 com.badlogic.gdx.physics.box2d.Body.getPosition()Lcom/badlogic/gdx/math/Vector2; (43 bytes) @ 0x000002ca007b284c [0x000002ca007b27c0+0x000000000000008c]
j  com.viliu.subwaygunner.Sprites.Gunner.update(F)V+5
j  com.viliu.subwaygunner.Screens.PlayScreen.update(F)V+22
j  com.viliu.subwaygunner.Screens.PlayScreen.render(F)V+2
j  com.badlogic.gdx.Game.render()V+19
j  com.viliu.subwaygunner.SubwayGunner.render()V+1
j  com.badlogic.gdx.backends.lwjgl.LwjglApplication.mainLoop()V+776
j  com.badlogic.gdx.backends.lwjgl.LwjglApplication$1.run()V+27
v  ~StubRoutines::call_stub

siginfo: EXCEPTION_ACCESS_VIOLATION (0xc0000005), reading address 0x000002ca1626bd6c


Register to memory mapping:

RIP=0x0000000066b24aaf gdx-box2d64.dll
RAX=0x0000000709818d10 is pointing into object: [F 
{0x0000000709818d00} - klass: {type array float}
 - length: 4
RBX=0x000002ca14ffbdd8 points into unknown readable memory: 0x00007fff9c527fb0 | b0 7f 52 9c ff 7f 00 00
RCX=0x000002ca6e241000 points into unknown readable memory: 0x0000000000000000 | 00 00 00 00 00 00 00 00
RDX=0x0000000000000010 is an unknown value
RSP=0x000000fe8cefeb90 is pointing into the stack for thread: 0x000002ca14ffbab0
RBP=0x000000fe8cefec30 is pointing into the stack for thread: 0x000002ca14ffbab0
RSI=0x000000fe8cefec00 is pointing into the stack for thread: 0x000002ca14ffbab0
RDI=0x000002ca1626bd60 is an unknown value
R8 =0x0 is NULL
R9 =0x000000fe8cefec00 is pointing into the stack for thread: 0x000002ca14ffbab0
R10=0x0000000066b24a90 gdx-box2d64.dll
R11=0x000002ca007b27e0 is at entry_point+32 in (nmethod*)0x000002ca007b2610
R12=0x0 is NULL
R13=0x000000fe8cefec98 is pointing into the stack for thread: 0x000002ca14ffbab0
R14=0x0 is NULL
R15=0x000002ca14ffbab0 is a thread


Registers:
RAX=0x0000000709818d10, RBX=0x000002ca14ffbdd8, RCX=0x000002ca6e241000, RDX=0x0000000000000010
RSP=0x000000fe8cefeb90, RBP=0x000000fe8cefec30, RSI=0x000000fe8cefec00, RDI=0x000002ca1626bd60
R8 =0x0000000000000000, R9 =0x000000fe8cefec00, R10=0x0000000066b24a90, R11=0x000002ca007b27e0
R12=0x0000000000000000, R13=0x000000fe8cefec98, R14=0x0000000000000000, R15=0x000002ca14ffbab0
RIP=0x0000000066b24aaf, EFLAGS=0x0000000000010202

Top of Stack: (sp=0x000000fe8cefeb90)
0x000000fe8cefeb90:   000002ca14ffbdd8 000000fe8cefec30
0x000000fe8cefeba0:   000000fe8cefec00 000002ca1626bd60
0x000000fe8cefebb0:   000002ca7f497850 0000000709818ca8
0x000000fe8cefebc0:   000002ca7f4fb4e0 000002ca07b4e71f
0x000000fe8cefebd0:   000002ca00000006 000002ca00000002
0x000000fe8cefebe0:   0000000000000000 00000007178ac2a8
0x000000fe8cefebf0:   0000000709818ca8 000002ca7fb0b793
0x000000fe8cefec00:   0000000709818d00 0000000000000000
0x000000fe8cefec10:   000000fe8cefec90 000002ca7f489ac0
0x000000fe8cefec20:   0000000000000000 000000071784af48
0x000000fe8cefec30:   000000fe8cefecf0 000002ca007b284c
0x000000fe8cefec40:   000000fe8cefec68 000000fe8cefece0
0x000000fe8cefec50:   000002ca0000a1aa 0000000000000000
0x000000fe8cefec60:   000002ca0000c218 0000000709818ca8
0x000000fe8cefec70:   0000000000000006 000000003c888889
0x000000fe8cefec80:   000000fe8cefecf0 000002ca00009f00 

Instructions: (pc=0x0000000066b24aaf)
0x0000000066b249af:   11 44 24 38 66 89 44 24 42 e8 c3 9c ff ff 48 83
0x0000000066b249bf:   c4 58 c3 0f 1f 40 00 66 2e 0f 1f 84 00 00 00 00
0x0000000066b249cf:   00 f3 0f 10 54 24 28 4c 89 ca 4c 89 c1 e9 8f 9d
0x0000000066b249df:   ff ff 0f 1f 44 00 00 66 2e 0f 1f 84 00 00 00 00
0x0000000066b249ef:   00 48 83 ec 38 48 8d 54 24 20 f3 0f 10 44 24 60
0x0000000066b249ff:   f3 0f 10 54 24 68 4c 89 c1 f3 0f 11 5c 24 20 f3
0x0000000066b24a0f:   0f 11 44 24 24 e8 a7 a1 ff ff 90 48 83 c4 38 c3
0x0000000066b24a1f:   90 57 56 53 48 83 ec 20 48 8b 01 4c 89 c6 48 89
0x0000000066b24a2f:   cb 4c 89 cf 45 31 c0 4c 89 ca ff 90 f0 06 00 00
0x0000000066b24a3f:   f3 0f 10 5e 0c 49 89 c0 f3 0f 10 56 10 45 31 c9
0x0000000066b24a4f:   f3 0f 10 46 14 48 89 fa f3 0f 10 4e 18 48 89 d9
0x0000000066b24a5f:   f3 0f 11 18 f3 0f 11 50 04 f3 0f 11 48 08 f3 0f
0x0000000066b24a6f:   11 40 0c 48 8b 03 48 8b 80 f8 06 00 00 48 83 c4
0x0000000066b24a7f:   20 5b 5e 5f 48 ff e0 66 2e 0f 1f 84 00 00 00 00
0x0000000066b24a8f:   00 57 56 53 48 83 ec 20 48 8b 01 4c 89 c7 48 89
0x0000000066b24a9f:   cb 4c 89 ce 45 31 c0 4c 89 ca ff 90 f0 06 00 00
0x0000000066b24aaf:   f3 0f 10 4f 0c 49 89 c0 f3 0f 10 47 10 45 31 c9
0x0000000066b24abf:   f3 0f 11 08 48 89 f2 48 89 d9 f3 0f 11 40 04 48
0x0000000066b24acf:   8b 03 48 8b 80 f8 06 00 00 48 83 c4 20 5b 5e 5f
0x0000000066b24adf:   48 ff e0 0f 1f 40 00 66 2e 0f 1f 84 00 00 00 00
0x0000000066b24aef:   00 f3 41 0f 10 40 38 c3 66 0f 1f 84 00 00 00 00
0x0000000066b24aff:   00 57 56 53 48 83 ec 20 48 8b 01 4c 89 c7 48 89
0x0000000066b24b0f:   cb 4c 89 ce 45 31 c0 4c 89 ca ff 90 f0 06 00 00
0x0000000066b24b1f:   f3 0f 10 4f 2c 49 89 c0 f3 0f 10 47 30 45 31 c9
0x0000000066b24b2f:   f3 0f 11 08 48 89 f2 48 89 d9 f3 0f 11 40 04 48
0x0000000066b24b3f:   8b 03 48 8b 80 f8 06 00 00 48 83 c4 20 5b 5e 5f
0x0000000066b24b4f:   48 ff e0 0f 1f 40 00 66 2e 0f 1f 84 00 00 00 00
0x0000000066b24b5f:   00 57 56 53 48 83 ec 20 48 8b 01 4c 89 c7 48 89
0x0000000066b24b6f:   cb 4c 89 ce 45 31 c0 4c 89 ca ff 90 f0 06 00 00
0x0000000066b24b7f:   f3 0f 10 4f 1c 49 89 c0 f3 0f 10 47 20 45 31 c9
0x0000000066b24b8f:   f3 0f 11 08 48 89 f2 48 89 d9 f3 0f 11 40 04 48
0x0000000066b24b9f:   8b 03 48 8b 80 f8 06 00 00 48 83 c4 20 5b 5e 5f 


Stack slot to memory mapping:
stack at sp + 0 slots: 0x000002ca14ffbdd8 points into unknown readable memory: 0x00007fff9c527fb0 | b0 7f 52 9c ff 7f 00 00
stack at sp + 1 slots: 0x000000fe8cefec30 is pointing into the stack for thread: 0x000002ca14ffbab0
stack at sp + 2 slots: 0x000000fe8cefec00 is pointing into the stack for thread: 0x000002ca14ffbab0
stack at sp + 3 slots: 0x000002ca1626bd60 is an unknown value
stack at sp + 4 slots: {method} {0x000002ca7f497858} 'getPosition' '()Lcom/badlogic/gdx/math/Vector2;' in 'com/badlogic/gdx/physics/box2d/Body'
stack at sp + 5 slots: 0x0000000709818ca8 is an oop: com.badlogic.gdx.physics.box2d.Body 
{0x0000000709818ca8} - klass: 'com/badlogic/gdx/physics/box2d/Body'
stack at sp + 6 slots: 0x000002ca7f4fb4e0 is pointing into metadata
stack at sp + 7 slots: 0x000002ca07b4e71f is at entry_point+255 in (nmethod*)0x000002ca07b4e490


---------------  P R O C E S S  ---------------

Threads class SMR info:
_java_thread_list=0x000002ca172b7920, length=14, elements={
0x000002ca7ed05960, 0x000002ca7ed08320, 0x000002ca7f524e10, 0x000002ca7f5276e0,
0x000002ca7f528090, 0x000002ca7f528d70, 0x000002ca7f529810, 0x000002ca7f52a200,
0x000002ca7f65e1e0, 0x000002ca7f68a4a0, 0x000002ca14ffbab0, 0x000002ca6e162cb0,
0x000002ca1cf7e530, 0x000002ca1ce01560
}

Java Threads: ( => current thread )
  0x000002ca7ed05960 JavaThread "Reference Handler" daemon [_thread_blocked, id=17104, stack(0x000000fe8c300000,0x000000fe8c400000)]
  0x000002ca7ed08320 JavaThread "Finalizer" daemon [_thread_blocked, id=10748, stack(0x000000fe8c400000,0x000000fe8c500000)]
  0x000002ca7f524e10 JavaThread "Signal Dispatcher" daemon [_thread_blocked, id=4628, stack(0x000000fe8c500000,0x000000fe8c600000)]
  0x000002ca7f5276e0 JavaThread "Attach Listener" daemon [_thread_blocked, id=3904, stack(0x000000fe8c600000,0x000000fe8c700000)]
  0x000002ca7f528090 JavaThread "Service Thread" daemon [_thread_blocked, id=10856, stack(0x000000fe8c700000,0x000000fe8c800000)]
  0x000002ca7f528d70 JavaThread "C2 CompilerThread0" daemon [_thread_blocked, id=8756, stack(0x000000fe8c800000,0x000000fe8c900000)]
  0x000002ca7f529810 JavaThread "C1 CompilerThread0" daemon [_thread_blocked, id=13444, stack(0x000000fe8c900000,0x000000fe8ca00000)]
  0x000002ca7f52a200 JavaThread "Sweeper thread" daemon [_thread_blocked, id=7248, stack(0x000000fe8ca00000,0x000000fe8cb00000)]
  0x000002ca7f65e1e0 JavaThread "Notification Thread" daemon [_thread_blocked, id=6952, stack(0x000000fe8cb00000,0x000000fe8cc00000)]
  0x000002ca7f68a4a0 JavaThread "Common-Cleaner" daemon [_thread_blocked, id=9692, stack(0x000000fe8cd00000,0x000000fe8ce00000)]
=>0x000002ca14ffbab0 JavaThread "LWJGL Application" [_thread_in_native, id=6860, stack(0x000000fe8ce00000,0x000000fe8cf00000)]
  0x000002ca6e162cb0 JavaThread "DestroyJavaVM" [_thread_blocked, id=4188, stack(0x000000fe8bc00000,0x000000fe8bd00000)]
  0x000002ca1cf7e530 JavaThread "AssetManager" daemon [_thread_blocked, id=2564, stack(0x000000fe8d400000,0x000000fe8d500000)]
  0x000002ca1ce01560 JavaThread "LWJGL Timer" daemon [_thread_blocked, id=10072, stack(0x000000fe8d600000,0x000000fe8d700000)]

Other Threads:
  0x000002ca7ed04540 VMThread "VM Thread" [stack: 0x000000fe8c200000,0x000000fe8c300000] [id=2972]
  0x000002ca7f6826d0 WatcherThread [stack: 0x000000fe8cc00000,0x000000fe8cd00000] [id=11336]
  0x000002ca6e1b3af0 GCTaskThread "GC Thread#0" [stack: 0x000000fe8bd00000,0x000000fe8be00000] [id=4220]
  0x000002ca1cd386b0 GCTaskThread "GC Thread#1" [stack: 0x000000fe8d300000,0x000000fe8d400000] [id=8984]
  0x000002ca1cd37060 GCTaskThread "GC Thread#2" [stack: 0x000000fe8d500000,0x000000fe8d600000] [id=2760]
  0x000002ca1cd376c0 GCTaskThread "GC Thread#3" [stack: 0x000000fe8d700000,0x000000fe8d800000] [id=9536]
  0x000002ca1cd37d20 GCTaskThread "GC Thread#4" [stack: 0x000000fe8d800000,0x000000fe8d900000] [id=9876]
  0x000002ca6e1c5450 ConcurrentGCThread "G1 Main Marker" [stack: 0x000000fe8be00000,0x000000fe8bf00000] [id=17192]
  0x000002ca6e1c60c0 ConcurrentGCThread "G1 Conc#0" [stack: 0x000000fe8bf00000,0x000000fe8c000000] [id=9928]
  0x000002ca6e23d5d0 ConcurrentGCThread "G1 Refine#0" [stack: 0x000000fe8c000000,0x000000fe8c100000] [id=12276]
  0x000002ca6e23e150 ConcurrentGCThread "G1 Young RemSet Sampling" [stack: 0x000000fe8c100000,0x000000fe8c200000] [id=10820]

Threads with active compile tasks:

VM state: not at safepoint (normal execution)

VM Mutex/Monitor currently owned by a thread: None

Heap address: 0x0000000709800000, size: 3944 MB, Compressed Oops mode: Zero based, Oop shift amount: 3
CDS archive(s) mapped at: [0x0000000800000000-0x0000000800b70000-0x0000000800b70000), size 11993088, SharedBaseAddress: 0x0000000800000000, ArchiveRelocationMode: 0.
Compressed class space mapped at: 0x0000000800b70000-0x0000000840b70000, size: 1073741824
Narrow klass base: 0x0000000800000000, Narrow klass shift: 3, Narrow klass range: 0x100000000

GC Precious Log:
 CPUs: 12 total, 12 available
 Memory: 15771M
 Large Page Support: Disabled
 NUMA Support: Disabled
 Compressed Oops: Enabled (Zero based)
 Heap Region Size: 2M
 Heap Min Capacity: 8M
 Heap Initial Capacity: 248M
 Heap Max Capacity: 3944M
 Pre-touch: Disabled
 Parallel Workers: 10
 Concurrent Workers: 3
 Concurrent Refinement Workers: 10
 Periodic GC: Disabled

Heap:
 garbage-first heap   total 253952K, used 4748K [0x0000000709800000, 0x0000000800000000)
  region size 2048K, 3 young (6144K), 2 survivors (4096K)
 Metaspace       used 6168K, capacity 8785K, committed 8960K, reserved 1056768K
  class space    used 477K, capacity 718K, committed 768K, reserved 1048576K

Heap Regions: E=young(eden), S=young(survivor), O=old, HS=humongous(starts), HC=humongous(continues), CS=collection set, F=free, OA=open archive, CA=closed archive, TAMS=top-at-mark-start (previous, next)
|   0|0x0000000709800000, 0x00000007098a3200, 0x0000000709a00000| 31%| O|  |TAMS 0x0000000709800000, 0x0000000709800000| Untracked 
|   1|0x0000000709a00000, 0x0000000709a00000, 0x0000000709c00000|  0%| F|  |TAMS 0x0000000709a00000, 0x0000000709a00000| Untracked 
|   2|0x0000000709c00000, 0x0000000709c00000, 0x0000000709e00000|  0%| F|  |TAMS 0x0000000709c00000, 0x0000000709c00000| Untracked 
|   3|0x0000000709e00000, 0x0000000709e00000, 0x000000070a000000|  0%| F|  |TAMS 0x0000000709e00000, 0x0000000709e00000| Untracked 
|   4|0x000000070a000000, 0x000000070a000000, 0x000000070a200000|  0%| F|  |TAMS 0x000000070a000000, 0x000000070a000000| Untracked 
|   5|0x000000070a200000, 0x000000070a200000, 0x000000070a400000|  0%| F|  |TAMS 0x000000070a200000, 0x000000070a200000| Untracked 
|   6|0x000000070a400000, 0x000000070a400000, 0x000000070a600000|  0%| F|  |TAMS 0x000000070a400000, 0x000000070a400000| Untracked 
|   7|0x000000070a600000, 0x000000070a600000, 0x000000070a800000|  0%| F|  |TAMS 0x000000070a600000, 0x000000070a600000| Untracked 
|   8|0x000000070a800000, 0x000000070a800000, 0x000000070aa00000|  0%| F|  |TAMS 0x000000070a800000, 0x000000070a800000| Untracked 
|   9|0x000000070aa00000, 0x000000070aa00000, 0x000000070ac00000|  0%| F|  |TAMS 0x000000070aa00000, 0x000000070aa00000| Untracked 
|  10|0x000000070ac00000, 0x000000070ac00000, 0x000000070ae00000|  0%| F|  |TAMS 0x000000070ac00000, 0x000000070ac00000| Untracked 
|  11|0x000000070ae00000, 0x000000070ae00000, 0x000000070b000000|  0%| F|  |TAMS 0x000000070ae00000, 0x000000070ae00000| Untracked 
|  12|0x000000070b000000, 0x000000070b000000, 0x000000070b200000|  0%| F|  |TAMS 0x000000070b000000, 0x000000070b000000| Untracked 
|  13|0x000000070b200000, 0x000000070b200000, 0x000000070b400000|  0%| F|  |TAMS 0x000000070b200000, 0x000000070b200000| Untracked 
|  14|0x000000070b400000, 0x000000070b400000, 0x000000070b600000|  0%| F|  |TAMS 0x000000070b400000, 0x000000070b400000| Untracked 
|  15|0x000000070b600000, 0x000000070b600000, 0x000000070b800000|  0%| F|  |TAMS 0x000000070b600000, 0x000000070b600000| Untracked 
|  16|0x000000070b800000, 0x000000070b800000, 0x000000070ba00000|  0%| F|  |TAMS 0x000000070b800000, 0x000000070b800000| Untracked 
|  17|0x000000070ba00000, 0x000000070ba00000, 0x000000070bc00000|  0%| F|  |TAMS 0x000000070ba00000, 0x000000070ba00000| Untracked 
|  18|0x000000070bc00000, 0x000000070bc00000, 0x000000070be00000|  0%| F|  |TAMS 0x000000070bc00000, 0x000000070bc00000| Untracked 
|  19|0x000000070be00000, 0x000000070be00000, 0x000000070c000000|  0%| F|  |TAMS 0x000000070be00000, 0x000000070be00000| Untracked 
|  20|0x000000070c000000, 0x000000070c000000, 0x000000070c200000|  0%| F|  |TAMS 0x000000070c000000, 0x000000070c000000| Untracked 
|  21|0x000000070c200000, 0x000000070c200000, 0x000000070c400000|  0%| F|  |TAMS 0x000000070c200000, 0x000000070c200000| Untracked 
|  22|0x000000070c400000, 0x000000070c400000, 0x000000070c600000|  0%| F|  |TAMS 0x000000070c400000, 0x000000070c400000| Untracked 
|  23|0x000000070c600000, 0x000000070c600000, 0x000000070c800000|  0%| F|  |TAMS 0x000000070c600000, 0x000000070c600000| Untracked 
|  24|0x000000070c800000, 0x000000070c800000, 0x000000070ca00000|  0%| F|  |TAMS 0x000000070c800000, 0x000000070c800000| Untracked 
|  25|0x000000070ca00000, 0x000000070ca00000, 0x000000070cc00000|  0%| F|  |TAMS 0x000000070ca00000, 0x000000070ca00000| Untracked 
|  26|0x000000070cc00000, 0x000000070cc00000, 0x000000070ce00000|  0%| F|  |TAMS 0x000000070cc00000, 0x000000070cc00000| Untracked 
|  27|0x000000070ce00000, 0x000000070ce00000, 0x000000070d000000|  0%| F|  |TAMS 0x000000070ce00000, 0x000000070ce00000| Untracked 
|  28|0x000000070d000000, 0x000000070d000000, 0x000000070d200000|  0%| F|  |TAMS 0x000000070d000000, 0x000000070d000000| Untracked 
|  29|0x000000070d200000, 0x000000070d200000, 0x000000070d400000|  0%| F|  |TAMS 0x000000070d200000, 0x000000070d200000| Untracked 
|  30|0x000000070d400000, 0x000000070d400000, 0x000000070d600000|  0%| F|  |TAMS 0x000000070d400000, 0x000000070d400000| Untracked 
|  31|0x000000070d600000, 0x000000070d600000, 0x000000070d800000|  0%| F|  |TAMS 0x000000070d600000, 0x000000070d600000| Untracked 
|  32|0x000000070d800000, 0x000000070d800000, 0x000000070da00000|  0%| F|  |TAMS 0x000000070d800000, 0x000000070d800000| Untracked 
|  33|0x000000070da00000, 0x000000070da00000, 0x000000070dc00000|  0%| F|  |TAMS 0x000000070da00000, 0x000000070da00000| Untracked 
|  34|0x000000070dc00000, 0x000000070dc00000, 0x000000070de00000|  0%| F|  |TAMS 0x000000070dc00000, 0x000000070dc00000| Untracked 
|  35|0x000000070de00000, 0x000000070de00000, 0x000000070e000000|  0%| F|  |TAMS 0x000000070de00000, 0x000000070de00000| Untracked 
|  36|0x000000070e000000, 0x000000070e000000, 0x000000070e200000|  0%| F|  |TAMS 0x000000070e000000, 0x000000070e000000| Untracked 
|  37|0x000000070e200000, 0x000000070e200000, 0x000000070e400000|  0%| F|  |TAMS 0x000000070e200000, 0x000000070e200000| Untracked 
|  38|0x000000070e400000, 0x000000070e400000, 0x000000070e600000|  0%| F|  |TAMS 0x000000070e400000, 0x000000070e400000| Untracked 
|  39|0x000000070e600000, 0x000000070e600000, 0x000000070e800000|  0%| F|  |TAMS 0x000000070e600000, 0x000000070e600000| Untracked 
|  40|0x000000070e800000, 0x000000070e800000, 0x000000070ea00000|  0%| F|  |TAMS 0x000000070e800000, 0x000000070e800000| Untracked 
|  41|0x000000070ea00000, 0x000000070ea00000, 0x000000070ec00000|  0%| F|  |TAMS 0x000000070ea00000, 0x000000070ea00000| Untracked 
|  42|0x000000070ec00000, 0x000000070ec00000, 0x000000070ee00000|  0%| F|  |TAMS 0x000000070ec00000, 0x000000070ec00000| Untracked 
|  43|0x000000070ee00000, 0x000000070ee00000, 0x000000070f000000|  0%| F|  |TAMS 0x000000070ee00000, 0x000000070ee00000| Untracked 
|  44|0x000000070f000000, 0x000000070f000000, 0x000000070f200000|  0%| F|  |TAMS 0x000000070f000000, 0x000000070f000000| Untracked 
|  45|0x000000070f200000, 0x000000070f200000, 0x000000070f400000|  0%| F|  |TAMS 0x000000070f200000, 0x000000070f200000| Untracked 
|  46|0x000000070f400000, 0x000000070f400000, 0x000000070f600000|  0%| F|  |TAMS 0x000000070f400000, 0x000000070f400000| Untracked 
|  47|0x000000070f600000, 0x000000070f600000, 0x000000070f800000|  0%| F|  |TAMS 0x000000070f600000, 0x000000070f600000| Untracked 
|  48|0x000000070f800000, 0x000000070f800000, 0x000000070fa00000|  0%| F|  |TAMS 0x000000070f800000, 0x000000070f800000| Untracked 
|  49|0x000000070fa00000, 0x000000070fa00000, 0x000000070fc00000|  0%| F|  |TAMS 0x000000070fa00000, 0x000000070fa00000| Untracked 
|  50|0x000000070fc00000, 0x000000070fc00000, 0x000000070fe00000|  0%| F|  |TAMS 0x000000070fc00000, 0x000000070fc00000| Untracked 
|  51|0x000000070fe00000, 0x000000070fe00000, 0x0000000710000000|  0%| F|  |TAMS 0x000000070fe00000, 0x000000070fe00000| Untracked 
|  52|0x0000000710000000, 0x0000000710000000, 0x0000000710200000|  0%| F|  |TAMS 0x0000000710000000, 0x0000000710000000| Untracked 
|  53|0x0000000710200000, 0x0000000710200000, 0x0000000710400000|  0%| F|  |TAMS 0x0000000710200000, 0x0000000710200000| Untracked 
|  54|0x0000000710400000, 0x0000000710400000, 0x0000000710600000|  0%| F|  |TAMS 0x0000000710400000, 0x0000000710400000| Untracked 
|  55|0x0000000710600000, 0x0000000710600000, 0x0000000710800000|  0%| F|  |TAMS 0x0000000710600000, 0x0000000710600000| Untracked 
|  56|0x0000000710800000, 0x0000000710800000, 0x0000000710a00000|  0%| F|  |TAMS 0x0000000710800000, 0x0000000710800000| Untracked 
|  57|0x0000000710a00000, 0x0000000710a00000, 0x0000000710c00000|  0%| F|  |TAMS 0x0000000710a00000, 0x0000000710a00000| Untracked 
|  58|0x0000000710c00000, 0x0000000710c00000, 0x0000000710e00000|  0%| F|  |TAMS 0x0000000710c00000, 0x0000000710c00000| Untracked 
|  59|0x0000000710e00000, 0x0000000710e00000, 0x0000000711000000|  0%| F|  |TAMS 0x0000000710e00000, 0x0000000710e00000| Untracked 
|  60|0x0000000711000000, 0x0000000711000000, 0x0000000711200000|  0%| F|  |TAMS 0x0000000711000000, 0x0000000711000000| Untracked 
|  61|0x0000000711200000, 0x0000000711200000, 0x0000000711400000|  0%| F|  |TAMS 0x0000000711200000, 0x0000000711200000| Untracked 
|  62|0x0000000711400000, 0x0000000711400000, 0x0000000711600000|  0%| F|  |TAMS 0x0000000711400000, 0x0000000711400000| Untracked 
|  63|0x0000000711600000, 0x0000000711600000, 0x0000000711800000|  0%| F|  |TAMS 0x0000000711600000, 0x0000000711600000| Untracked 
|  64|0x0000000711800000, 0x0000000711800000, 0x0000000711a00000|  0%| F|  |TAMS 0x0000000711800000, 0x0000000711800000| Untracked 
|  65|0x0000000711a00000, 0x0000000711a00000, 0x0000000711c00000|  0%| F|  |TAMS 0x0000000711a00000, 0x0000000711a00000| Untracked 
|  66|0x0000000711c00000, 0x0000000711c00000, 0x0000000711e00000|  0%| F|  |TAMS 0x0000000711c00000, 0x0000000711c00000| Untracked 
|  67|0x0000000711e00000, 0x0000000711e00000, 0x0000000712000000|  0%| F|  |TAMS 0x0000000711e00000, 0x0000000711e00000| Untracked 
|  68|0x0000000712000000, 0x0000000712000000, 0x0000000712200000|  0%| F|  |TAMS 0x0000000712000000, 0x0000000712000000| Untracked 
|  69|0x0000000712200000, 0x0000000712200000, 0x0000000712400000|  0%| F|  |TAMS 0x0000000712200000, 0x0000000712200000| Untracked 
|  70|0x0000000712400000, 0x0000000712400000, 0x0000000712600000|  0%| F|  |TAMS 0x0000000712400000, 0x0000000712400000| Untracked 
|  71|0x0000000712600000, 0x0000000712600000, 0x0000000712800000|  0%| F|  |TAMS 0x0000000712600000, 0x0000000712600000| Untracked 
|  72|0x0000000712800000, 0x0000000712800000, 0x0000000712a00000|  0%| F|  |TAMS 0x0000000712800000, 0x0000000712800000| Untracked 
|  73|0x0000000712a00000, 0x0000000712a00000, 0x0000000712c00000|  0%| F|  |TAMS 0x0000000712a00000, 0x0000000712a00000| Untracked 
|  74|0x0000000712c00000, 0x0000000712c00000, 0x0000000712e00000|  0%| F|  |TAMS 0x0000000712c00000, 0x0000000712c00000| Untracked 
|  75|0x0000000712e00000, 0x0000000712e00000, 0x0000000713000000|  0%| F|  |TAMS 0x0000000712e00000, 0x0000000712e00000| Untracked 
|  76|0x0000000713000000, 0x0000000713000000, 0x0000000713200000|  0%| F|  |TAMS 0x0000000713000000, 0x0000000713000000| Untracked 
|  77|0x0000000713200000, 0x0000000713200000, 0x0000000713400000|  0%| F|  |TAMS 0x0000000713200000, 0x0000000713200000| Untracked 
|  78|0x0000000713400000, 0x0000000713400000, 0x0000000713600000|  0%| F|  |TAMS 0x0000000713400000, 0x0000000713400000| Untracked 
|  79|0x0000000713600000, 0x0000000713600000, 0x0000000713800000|  0%| F|  |TAMS 0x0000000713600000, 0x0000000713600000| Untracked 
|  80|0x0000000713800000, 0x0000000713800000, 0x0000000713a00000|  0%| F|  |TAMS 0x0000000713800000, 0x0000000713800000| Untracked 
|  81|0x0000000713a00000, 0x0000000713a00000, 0x0000000713c00000|  0%| F|  |TAMS 0x0000000713a00000, 0x0000000713a00000| Untracked 
|  82|0x0000000713c00000, 0x0000000713c00000, 0x0000000713e00000|  0%| F|  |TAMS 0x0000000713c00000, 0x0000000713c00000| Untracked 
|  83|0x0000000713e00000, 0x0000000713e00000, 0x0000000714000000|  0%| F|  |TAMS 0x0000000713e00000, 0x0000000713e00000| Untracked 
|  84|0x0000000714000000, 0x0000000714000000, 0x0000000714200000|  0%| F|  |TAMS 0x0000000714000000, 0x0000000714000000| Untracked 
|  85|0x0000000714200000, 0x0000000714200000, 0x0000000714400000|  0%| F|  |TAMS 0x0000000714200000, 0x0000000714200000| Untracked 
|  86|0x0000000714400000, 0x0000000714400000, 0x0000000714600000|  0%| F|  |TAMS 0x0000000714400000, 0x0000000714400000| Untracked 
|  87|0x0000000714600000, 0x0000000714600000, 0x0000000714800000|  0%| F|  |TAMS 0x0000000714600000, 0x0000000714600000| Untracked 
|  88|0x0000000714800000, 0x0000000714800000, 0x0000000714a00000|  0%| F|  |TAMS 0x0000000714800000, 0x0000000714800000| Untracked 
|  89|0x0000000714a00000, 0x0000000714a00000, 0x0000000714c00000|  0%| F|  |TAMS 0x0000000714a00000, 0x0000000714a00000| Untracked 
|  90|0x0000000714c00000, 0x0000000714c00000, 0x0000000714e00000|  0%| F|  |TAMS 0x0000000714c00000, 0x0000000714c00000| Untracked 
|  91|0x0000000714e00000, 0x0000000714e00000, 0x0000000715000000|  0%| F|  |TAMS 0x0000000714e00000, 0x0000000714e00000| Untracked 
|  92|0x0000000715000000, 0x0000000715000000, 0x0000000715200000|  0%| F|  |TAMS 0x0000000715000000, 0x0000000715000000| Untracked 
|  93|0x0000000715200000, 0x0000000715200000, 0x0000000715400000|  0%| F|  |TAMS 0x0000000715200000, 0x0000000715200000| Untracked 
|  94|0x0000000715400000, 0x0000000715400000, 0x0000000715600000|  0%| F|  |TAMS 0x0000000715400000, 0x0000000715400000| Untracked 
|  95|0x0000000715600000, 0x0000000715600000, 0x0000000715800000|  0%| F|  |TAMS 0x0000000715600000, 0x0000000715600000| Untracked 
|  96|0x0000000715800000, 0x0000000715800000, 0x0000000715a00000|  0%| F|  |TAMS 0x0000000715800000, 0x0000000715800000| Untracked 
|  97|0x0000000715a00000, 0x0000000715a00000, 0x0000000715c00000|  0%| F|  |TAMS 0x0000000715a00000, 0x0000000715a00000| Untracked 
|  98|0x0000000715c00000, 0x0000000715c00000, 0x0000000715e00000|  0%| F|  |TAMS 0x0000000715c00000, 0x0000000715c00000| Untracked 
|  99|0x0000000715e00000, 0x0000000715e00000, 0x0000000716000000|  0%| F|  |TAMS 0x0000000715e00000, 0x0000000715e00000| Untracked 
| 100|0x0000000716000000, 0x0000000716000000, 0x0000000716200000|  0%| F|  |TAMS 0x0000000716000000, 0x0000000716000000| Untracked 
| 101|0x0000000716200000, 0x0000000716200000, 0x0000000716400000|  0%| F|  |TAMS 0x0000000716200000, 0x0000000716200000| Untracked 
| 102|0x0000000716400000, 0x0000000716400000, 0x0000000716600000|  0%| F|  |TAMS 0x0000000716400000, 0x0000000716400000| Untracked 
| 103|0x0000000716600000, 0x0000000716600000, 0x0000000716800000|  0%| F|  |TAMS 0x0000000716600000, 0x0000000716600000| Untracked 
| 104|0x0000000716800000, 0x0000000716800000, 0x0000000716a00000|  0%| F|  |TAMS 0x0000000716800000, 0x0000000716800000| Untracked 
| 105|0x0000000716a00000, 0x0000000716a00000, 0x0000000716c00000|  0%| F|  |TAMS 0x0000000716a00000, 0x0000000716a00000| Untracked 
| 106|0x0000000716c00000, 0x0000000716c00000, 0x0000000716e00000|  0%| F|  |TAMS 0x0000000716c00000, 0x0000000716c00000| Untracked 
| 107|0x0000000716e00000, 0x0000000716e00000, 0x0000000717000000|  0%| F|  |TAMS 0x0000000716e00000, 0x0000000716e00000| Untracked 
| 108|0x0000000717000000, 0x0000000717000000, 0x0000000717200000|  0%| F|  |TAMS 0x0000000717000000, 0x0000000717000000| Untracked 
| 109|0x0000000717200000, 0x0000000717200000, 0x0000000717400000|  0%| F|  |TAMS 0x0000000717200000, 0x0000000717200000| Untracked 
| 110|0x0000000717400000, 0x0000000717400000, 0x0000000717600000|  0%| F|  |TAMS 0x0000000717400000, 0x0000000717400000| Untracked 
| 111|0x0000000717600000, 0x0000000717800000, 0x0000000717800000|100%| S|CS|TAMS 0x0000000717600000, 0x0000000717600000| Complete 
| 112|0x0000000717800000, 0x0000000717a00000, 0x0000000717a00000|100%| S|CS|TAMS 0x0000000717800000, 0x0000000717800000| Complete 
| 113|0x0000000717a00000, 0x0000000717a00000, 0x0000000717c00000|  0%| F|  |TAMS 0x0000000717a00000, 0x0000000717a00000| Untracked 
| 114|0x0000000717c00000, 0x0000000717c00000, 0x0000000717e00000|  0%| F|  |TAMS 0x0000000717c00000, 0x0000000717c00000| Untracked 
| 115|0x0000000717e00000, 0x0000000717e00000, 0x0000000718000000|  0%| F|  |TAMS 0x0000000717e00000, 0x0000000717e00000| Untracked 
| 116|0x0000000718000000, 0x0000000718000000, 0x0000000718200000|  0%| F|  |TAMS 0x0000000718000000, 0x0000000718000000| Untracked 
| 117|0x0000000718200000, 0x0000000718200000, 0x0000000718400000|  0%| F|  |TAMS 0x0000000718200000, 0x0000000718200000| Untracked 
| 118|0x0000000718400000, 0x0000000718400000, 0x0000000718600000|  0%| F|  |TAMS 0x0000000718400000, 0x0000000718400000| Untracked 
| 119|0x0000000718600000, 0x0000000718600000, 0x0000000718800000|  0%| F|  |TAMS 0x0000000718600000, 0x0000000718600000| Untracked 
| 120|0x0000000718800000, 0x0000000718800000, 0x0000000718a00000|  0%| F|  |TAMS 0x0000000718800000, 0x0000000718800000| Untracked 
| 121|0x0000000718a00000, 0x0000000718a00000, 0x0000000718c00000|  0%| F|  |TAMS 0x0000000718a00000, 0x0000000718a00000| Untracked 
| 122|0x0000000718c00000, 0x0000000718c00000, 0x0000000718e00000|  0%| F|  |TAMS 0x0000000718c00000, 0x0000000718c00000| Untracked 
| 123|0x0000000718e00000, 0x0000000719000000, 0x0000000719000000|100%| E|  |TAMS 0x0000000718e00000, 0x0000000718e00000| Complete 

Card table byte_map: [0x000002ca792c0000,0x000002ca79a80000] _byte_map_base: 0x000002ca75a74000

Marking Bits (Prev, Next): (CMBitMap*) 0x000002ca6e1b5370, (CMBitMap*) 0x000002ca6e1b53b0
 Prev Bits: [0x000002ca7a240000, 0x000002ca7dfe0000)
 Next Bits: [0x000002ca0f000000, 0x000002ca12da0000)

Polling page: 0x000002ca6e240000

Metaspace:

Usage:
  Non-class:      7.88 MB capacity,     5.56 MB ( 71%) used,     2.32 MB ( 29%) free+waste,     4.56 KB ( <1%) overhead. 
      Class:    718.00 KB capacity,   477.88 KB ( 67%) used,   238.93 KB ( 33%) free+waste,     1.19 KB ( <1%) overhead. 
       Both:      8.58 MB capacity,     6.02 MB ( 70%) used,     2.55 MB ( 30%) free+waste,     5.75 KB ( <1%) overhead. 

Virtual space:
  Non-class space:        8.00 MB reserved,       8.00 MB (100%) committed 
      Class space:        1.00 GB reserved,     768.00 KB ( <1%) committed 
             Both:        1.01 GB reserved,       8.75 MB ( <1%) committed 

Chunk freelists:
   Non-Class:  125.00 KB
       Class:  18.00 KB
        Both:  143.00 KB

MaxMetaspaceSize: 17179869184.00 GB
CompressedClassSpaceSize: 1.00 GB

CodeHeap 'non-profiled nmethods': size=120000Kb used=561Kb max_used=561Kb free=119438Kb
 bounds [0x000002ca07ad0000, 0x000002ca07d40000, 0x000002ca0f000000]
CodeHeap 'profiled nmethods': size=120000Kb used=2165Kb max_used=2165Kb free=117835Kb
 bounds [0x000002ca005a0000, 0x000002ca00810000, 0x000002ca07ad0000]
CodeHeap 'non-nmethods': size=5760Kb used=1284Kb max_used=1303Kb free=4475Kb
 bounds [0x000002ca00000000, 0x000002ca00270000, 0x000002ca005a0000]
 total_blobs=1709 nmethods=1131 adapters=491
 compilation: enabled
              stopped_count=0, restarted_count=0
 full_count=0

Compilation events (20 events):
Event: 2.660 Thread 0x000002ca7f529810 1122  s    3       jdk.internal.ref.Cleaner::remove (89 bytes)
Event: 2.660 Thread 0x000002ca7f529810 nmethod 1122 0x000002ca007b8990 code [0x000002ca007b8b60, 0x000002ca007b9138]
Event: 2.660 Thread 0x000002ca7f529810 1123       3       java.nio.DirectByteBuffer$Deallocator::run (37 bytes)
Event: 2.661 Thread 0x000002ca7f529810 nmethod 1123 0x000002ca007b9290 code [0x000002ca007b9480, 0x000002ca007b9868]
Event: 2.661 Thread 0x000002ca7f529810 1117       3       jdk.internal.misc.Unsafe::freeMemory (18 bytes)
Event: 2.661 Thread 0x000002ca7f529810 nmethod 1117 0x000002ca007b9a10 code [0x000002ca007b9be0, 0x000002ca007b9e98]
Event: 2.661 Thread 0x000002ca7f529810 1118       3       jdk.internal.misc.Unsafe::freeMemoryChecks (7 bytes)
Event: 2.661 Thread 0x000002ca7f529810 nmethod 1118 0x000002ca007ba010 code [0x000002ca007ba1c0, 0x000002ca007ba3b8]
Event: 2.662 Thread 0x000002ca7f529810 1127       3       java.util.Arrays::copyOf (40 bytes)
Event: 2.662 Thread 0x000002ca7f529810 nmethod 1127 0x000002ca007ba490 code [0x000002ca007ba680, 0x000002ca007bad68]
Event: 2.667 Thread 0x000002ca7f529810 1128       3       com.badlogic.gdx.maps.MapProperties::put (11 bytes)
Event: 2.667 Thread 0x000002ca7f529810 nmethod 1128 0x000002ca007baf90 code [0x000002ca007bb140, 0x000002ca007bb288]
Event: 2.667 Thread 0x000002ca7f529810 1129       3       java.lang.StrictMath::floorOrCeil (128 bytes)
Event: 2.667 Thread 0x000002ca7f529810 nmethod 1129 0x000002ca007bb390 code [0x000002ca007bb540, 0x000002ca007bb998]
Event: 2.667 Thread 0x000002ca7f529810 1132       3       com.badlogic.gdx.physics.box2d.WorldManifold::<init> (51 bytes)
Event: 2.668 Thread 0x000002ca7f529810 nmethod 1132 0x000002ca007bba90 code [0x000002ca007bbca0, 0x000002ca007bc718]
Event: 2.668 Thread 0x000002ca7f529810 1131       3       com.badlogic.gdx.physics.box2d.Contact::<init> (34 bytes)
Event: 2.668 Thread 0x000002ca7f529810 nmethod 1131 0x000002ca007bc990 code [0x000002ca007bcb40, 0x000002ca007bcf28]
Event: 2.668 Thread 0x000002ca7f529810 1130       3       java.lang.Math::getExponent (17 bytes)
Event: 2.668 Thread 0x000002ca7f529810 nmethod 1130 0x000002ca007bd090 code [0x000002ca007bd220, 0x000002ca007bd338]

GC Heap History (2 events):
Event: 2.655 GC heap before
{Heap before GC invocations=0 (full 0):
 garbage-first heap   total 253952K, used 20480K [0x0000000709800000, 0x0000000800000000)
  region size 2048K, 11 young (22528K), 0 survivors (0K)
 Metaspace       used 6161K, capacity 8785K, committed 8960K, reserved 1056768K
  class space    used 477K, capacity 718K, committed 768K, reserved 1048576K
}
Event: 2.659 GC heap after
{Heap after GC invocations=1 (full 0):
 garbage-first heap   total 253952K, used 4748K [0x0000000709800000, 0x0000000800000000)
  region size 2048K, 2 young (4096K), 2 survivors (4096K)
 Metaspace       used 6161K, capacity 8785K, committed 8960K, reserved 1056768K
  class space    used 477K, capacity 718K, committed 768K, reserved 1048576K
}

Deoptimization events (20 events):
Event: 2.645 Thread 0x000002ca14ffbab0 DEOPT PACKING pc=0x000002ca006e92cb sp=0x000000fe8cefe8c0
Event: 2.645 Thread 0x000002ca14ffbab0 DEOPT UNPACKING pc=0x000002ca0004e23f sp=0x000000fe8cefdea8 mode 0
Event: 2.645 Thread 0x000002ca14ffbab0 DEOPT PACKING pc=0x000002ca006e1cba sp=0x000000fe8cefe850
Event: 2.645 Thread 0x000002ca14ffbab0 DEOPT UNPACKING pc=0x000002ca0004e23f sp=0x000000fe8cefdea8 mode 0
Event: 2.645 Thread 0x000002ca14ffbab0 DEOPT PACKING pc=0x000002ca006e92cb sp=0x000000fe8cefe8c0
Event: 2.645 Thread 0x000002ca14ffbab0 DEOPT UNPACKING pc=0x000002ca0004e23f sp=0x000000fe8cefdea8 mode 0
Event: 2.645 Thread 0x000002ca14ffbab0 DEOPT PACKING pc=0x000002ca006e21d1 sp=0x000000fe8cefe850
Event: 2.645 Thread 0x000002ca14ffbab0 DEOPT UNPACKING pc=0x000002ca0004e23f sp=0x000000fe8cefdea8 mode 0
Event: 2.645 Thread 0x000002ca14ffbab0 DEOPT PACKING pc=0x000002ca006e1cba sp=0x000000fe8cefe850
Event: 2.645 Thread 0x000002ca14ffbab0 DEOPT UNPACKING pc=0x000002ca0004e23f sp=0x000000fe8cefdea8 mode 0
Event: 2.645 Thread 0x000002ca14ffbab0 DEOPT PACKING pc=0x000002ca006e92cb sp=0x000000fe8cefe8c0
Event: 2.645 Thread 0x000002ca14ffbab0 DEOPT UNPACKING pc=0x000002ca0004e23f sp=0x000000fe8cefdea8 mode 0
Event: 2.646 Thread 0x000002ca14ffbab0 DEOPT PACKING pc=0x000002ca006e1cba sp=0x000000fe8cefe850
Event: 2.646 Thread 0x000002ca14ffbab0 DEOPT UNPACKING pc=0x000002ca0004e23f sp=0x000000fe8cefdea8 mode 0
Event: 2.646 Thread 0x000002ca14ffbab0 DEOPT PACKING pc=0x000002ca006e92cb sp=0x000000fe8cefe8c0
Event: 2.646 Thread 0x000002ca14ffbab0 DEOPT UNPACKING pc=0x000002ca0004e23f sp=0x000000fe8cefdea8 mode 0
Event: 2.646 Thread 0x000002ca14ffbab0 DEOPT PACKING pc=0x000002ca006efc43 sp=0x000000fe8cefe840
Event: 2.646 Thread 0x000002ca14ffbab0 DEOPT UNPACKING pc=0x000002ca0004e23f sp=0x000000fe8cefddf8 mode 0
Event: 2.653 Thread 0x000002ca14ffbab0 DEOPT PACKING pc=0x000002ca006f7277 sp=0x000000fe8cefe470
Event: 2.653 Thread 0x000002ca14ffbab0 DEOPT UNPACKING pc=0x000002ca0004e23f sp=0x000000fe8cefd9f0 mode 0

Classes unloaded (0 events):
No events

Classes redefined (0 events):
No events

Internal exceptions (0 events):
No events

Events (20 events):
Event: 1.040 Executing VM operation: HandshakeAllThreads
Event: 1.040 Executing VM operation: HandshakeAllThreads done
Event: 1.041 Thread 0x000002ca1ce01560 Thread added: 0x000002ca1ce01560
Event: 1.058 Loaded shared library C:\Users\viliu\AppData\Local\Temp\libgdxviliu\1cecf4f6\lwjgl64.dll
Event: 1.242 Thread 0x000002ca172bc330 Thread exited: 0x000002ca172bc330
Event: 1.242 Thread 0x000002ca1cd20cd0 Thread exited: 0x000002ca1cd20cd0
Event: 1.391 Loaded shared library C:\Users\viliu\AppData\Local\Temp\libgdxviliu\1cecf4f6\lwjgl64.dll
Event: 1.392 Loaded shared library C:\Users\viliu\AppData\Local\Temp\libgdxviliu\1cecf4f6\lwjgl64.dll
Event: 1.393 Loaded shared library C:\Users\viliu\AppData\Local\Temp\libgdxviliu\1cecf4f6\lwjgl64.dll
Event: 1.478 Thread 0x000002ca1cf00be0 Thread added: 0x000002ca1cf00be0
Event: 1.804 Loaded shared library C:\Users\viliu\AppData\Local\Temp\libgdxviliu\1cecf4f6\lwjgl64.dll
Event: 1.821 Loaded shared library C:\Users\viliu\AppData\Local\Temp\libgdxviliu\1cecf4f6\lwjgl64.dll
Event: 1.887 Loaded shared library C:\Users\viliu\AppData\Local\Temp\libgdxviliu\1cecf4f6\lwjgl64.dll
Event: 2.069 Thread 0x000002ca1cf00be0 Thread exited: 0x000002ca1cf00be0
Event: 2.092 Loaded shared library C:\Users\viliu\AppData\Local\Temp\libgdxviliu\1cecf4f6\lwjgl64.dll
Event: 2.094 Loaded shared library C:\Users\viliu\AppData\Local\Temp\libgdxviliu\1cecf4f6\lwjgl64.dll
Event: 2.458 Loaded shared library C:\Users\viliu\AppData\Local\Temp\libgdxviliu\1cecf4f6\lwjgl64.dll
Event: 2.510 Loaded shared library C:\Users\viliu\.jdks\azul-15.0.6\bin\java.dll
Event: 2.655 Executing VM operation: G1CollectForAllocation
Event: 2.659 Executing VM operation: G1CollectForAllocation done


Dynamic libraries:
0x00007ff656340000 - 0x00007ff65634d000 	C:\Users\viliu\.jdks\azul-15.0.6\bin\java.exe
0x00007ff827d40000 - 0x00007ff827f49000 	C:\WINDOWS\SYSTEM32\ntdll.dll
0x00007ff826ec0000 - 0x00007ff826f7d000 	C:\WINDOWS\System32\KERNEL32.DLL
0x00007ff825300000 - 0x00007ff825674000 	C:\WINDOWS\System32\KERNELBASE.dll
0x00007ff8256f0000 - 0x00007ff825801000 	C:\WINDOWS\System32\ucrtbase.dll
0x00007ff8198c0000 - 0x00007ff8198d5000 	C:\Users\viliu\.jdks\azul-15.0.6\bin\VCRUNTIME140.dll
0x00007ff8198e0000 - 0x00007ff8198f8000 	C:\Users\viliu\.jdks\azul-15.0.6\bin\jli.dll
0x00007ff81c380000 - 0x00007ff81c625000 	C:\WINDOWS\WinSxS\amd64_microsoft.windows.common-controls_6595b64144ccf1df_6.0.22000.120_none_9d947278b86cc467\COMCTL32.dll
0x00007ff8271d0000 - 0x00007ff82737c000 	C:\WINDOWS\System32\USER32.dll
0x00007ff826420000 - 0x00007ff8264c3000 	C:\WINDOWS\System32\msvcrt.dll
0x00007ff8252d0000 - 0x00007ff8252f6000 	C:\WINDOWS\System32\win32u.dll
0x00007ff8264d0000 - 0x00007ff8264f9000 	C:\WINDOWS\System32\GDI32.dll
0x00007ff825950000 - 0x00007ff825a62000 	C:\WINDOWS\System32\gdi32full.dll
0x00007ff825230000 - 0x00007ff8252cd000 	C:\WINDOWS\System32\msvcp_win.dll
0x00007ff827b40000 - 0x00007ff827b71000 	C:\WINDOWS\System32\IMM32.DLL
0x00007ff8136e0000 - 0x00007ff81377b000 	C:\Users\viliu\.jdks\azul-15.0.6\bin\msvcp140.dll
0x00007fff9bb00000 - 0x00007fff9c693000 	C:\Users\viliu\.jdks\azul-15.0.6\bin\server\jvm.dll
0x00007ff826f80000 - 0x00007ff82702e000 	C:\WINDOWS\System32\ADVAPI32.dll
0x00007ff827be0000 - 0x00007ff827c7e000 	C:\WINDOWS\System32\sechost.dll
0x00007ff825be0000 - 0x00007ff825d00000 	C:\WINDOWS\System32\RPCRT4.dll
0x00007ff825de0000 - 0x00007ff825de8000 	C:\WINDOWS\System32\PSAPI.DLL
0x00007ff822b70000 - 0x00007ff822b79000 	C:\WINDOWS\SYSTEM32\WSOCK32.dll
0x00007ff81bfa0000 - 0x00007ff81bfaa000 	C:\WINDOWS\SYSTEM32\VERSION.dll
0x00007ff827380000 - 0x00007ff8273ef000 	C:\WINDOWS\System32\WS2_32.dll
0x00007ff81da40000 - 0x00007ff81da73000 	C:\WINDOWS\SYSTEM32\WINMM.dll
0x00007ff824420000 - 0x00007ff824438000 	C:\WINDOWS\SYSTEM32\kernel.appcore.dll
0x00007ff823050000 - 0x00007ff82305a000 	C:\Users\viliu\.jdks\azul-15.0.6\bin\jimage.dll
0x00007ff822c20000 - 0x00007ff822e41000 	C:\WINDOWS\SYSTEM32\DBGHELP.DLL
0x00007ff81ab90000 - 0x00007ff81abc1000 	C:\WINDOWS\SYSTEM32\dbgcore.DLL
0x00007ff825810000 - 0x00007ff82588f000 	C:\WINDOWS\System32\bcryptPrimitives.dll
0x00007ff819890000 - 0x00007ff8198b5000 	C:\Users\viliu\.jdks\azul-15.0.6\bin\java.dll
0x00007ff826530000 - 0x00007ff826cde000 	C:\WINDOWS\System32\SHELL32.dll
0x00007ff8233a0000 - 0x00007ff823c08000 	C:\WINDOWS\SYSTEM32\windows.storage.dll
0x00007ff8274e0000 - 0x00007ff827858000 	C:\WINDOWS\System32\combase.dll
0x00007ff823230000 - 0x00007ff823396000 	C:\WINDOWS\SYSTEM32\wintypes.dll
0x00007ff8273f0000 - 0x00007ff8274da000 	C:\WINDOWS\System32\SHCORE.dll
0x00007ff826d40000 - 0x00007ff826d9d000 	C:\WINDOWS\System32\shlwapi.dll
0x00007ff825160000 - 0x00007ff825181000 	C:\WINDOWS\SYSTEM32\profapi.dll
0x00007ff819870000 - 0x00007ff819889000 	C:\Users\viliu\.jdks\azul-15.0.6\bin\net.dll
0x00007ff81fde0000 - 0x00007ff81feec000 	C:\WINDOWS\SYSTEM32\WINHTTP.dll
0x00007ff824850000 - 0x00007ff8248b7000 	C:\WINDOWS\system32\mswsock.dll
0x00007ff819850000 - 0x00007ff819862000 	C:\Users\viliu\.jdks\azul-15.0.6\bin\nio.dll
0x00007ff815ba0000 - 0x00007ff815bb8000 	C:\Users\viliu\.jdks\azul-15.0.6\bin\zip.dll
0x000000006e700000 - 0x000000006e72a000 	C:\Users\viliu\AppData\Local\Temp\libgdxviliu\e1cd32f8\gdx64.dll
0x00007ff822fe0000 - 0x00007ff822ff0000 	C:\Users\viliu\.jdks\azul-15.0.6\bin\verify.dll
0x0000000180000000 - 0x0000000180053000 	C:\Users\viliu\AppData\Local\Temp\libgdxviliu\1cecf4f6\lwjgl64.dll
0x00007fffd5b70000 - 0x00007fffd5c71000 	C:\WINDOWS\SYSTEM32\OPENGL32.dll
0x00007fffd55d0000 - 0x00007fffd55fd000 	C:\WINDOWS\SYSTEM32\GLU32.dll
0x00007ff822640000 - 0x00007ff822678000 	C:\WINDOWS\SYSTEM32\dxcore.dll
0x000002ca7faf0000 - 0x000002ca7fb54000 	C:\Users\viliu\AppData\Local\Temp\libgdxviliu\1cecf4f6\OpenAL64.dll
0x00007ff827030000 - 0x00007ff8271ca000 	C:\WINDOWS\System32\ole32.dll
0x00007ff822400000 - 0x00007ff8224ac000 	C:\WINDOWS\system32\uxtheme.dll
0x00007ff8278d0000 - 0x00007ff82797f000 	C:\WINDOWS\System32\clbcatq.dll
0x00007ff806690000 - 0x00007ff806732000 	C:\WINDOWS\SYSTEM32\dsound.dll
0x00007ff823c30000 - 0x00007ff823c7d000 	C:\WINDOWS\SYSTEM32\powrprof.dll
0x00007ff805310000 - 0x00007ff8053c1000 	C:\WINDOWS\SYSTEM32\ResampleDmo.DLL
0x00007ff815f60000 - 0x00007ff815f89000 	C:\WINDOWS\SYSTEM32\winmmbase.dll
0x00007ff825d00000 - 0x00007ff825dd6000 	C:\WINDOWS\System32\OLEAUT32.dll
0x00007ff818ec0000 - 0x00007ff818ecb000 	C:\WINDOWS\SYSTEM32\msdmo.dll
0x00007ff823d20000 - 0x00007ff823d33000 	C:\WINDOWS\SYSTEM32\UMPDC.dll
0x00007ff8163f0000 - 0x00007ff81648c000 	C:\WINDOWS\System32\MMDevApi.dll
0x00007ff824f00000 - 0x00007ff824f2c000 	C:\WINDOWS\System32\DEVOBJ.dll
0x00007ff824f30000 - 0x00007ff824f7c000 	C:\WINDOWS\SYSTEM32\cfgmgr32.dll
0x00007ff815cb0000 - 0x00007ff815e85000 	C:\WINDOWS\SYSTEM32\AUDIOSES.DLL
0x00007ff822730000 - 0x00007ff822745000 	C:\WINDOWS\SYSTEM32\resourcepolicyclient.dll
0x00007ff81f2c0000 - 0x00007ff81f379000 	C:\WINDOWS\SYSTEM32\mscms.dll
0x00007ff824c10000 - 0x00007ff824c37000 	C:\WINDOWS\SYSTEM32\bcrypt.dll
0x00007ff826da0000 - 0x00007ff826ebe000 	C:\WINDOWS\System32\MSCTF.dll
0x00007ff80b670000 - 0x00007ff80b79d000 	C:\WINDOWS\SYSTEM32\textinputframework.dll
0x00007ff820d70000 - 0x00007ff820ea2000 	C:\WINDOWS\SYSTEM32\CoreMessaging.dll
0x00007ff81e120000 - 0x00007ff81e48d000 	C:\WINDOWS\SYSTEM32\CoreUIComponents.dll
0x00007ff824ab0000 - 0x00007ff824abc000 	C:\WINDOWS\SYSTEM32\CRYPTBASE.DLL
0x00007ff81ebe0000 - 0x00007ff81ec24000 	C:\WINDOWS\SYSTEM32\directxdatabasehelper.dll
0x00007ff8226f0000 - 0x00007ff822724000 	C:\WINDOWS\SYSTEM32\ntmarta.dll
0x00007ff81de90000 - 0x00007ff81dfc4000 	C:\Windows\System32\AppXDeploymentClient.dll
0x00007ff81dca0000 - 0x00007ff81de8f000 	C:\WINDOWS\SYSTEM32\urlmon.dll
0x00007ff81da80000 - 0x00007ff81daa8000 	C:\Windows\System32\srvcli.dll
0x00007ff81d780000 - 0x00007ff81da33000 	C:\Windows\System32\iertutil.dll
0x00007ff824060000 - 0x00007ff82406c000 	C:\Windows\System32\netutils.dll
0x00007ff822f90000 - 0x00007ff822fbc000 	C:\WINDOWS\System32\DriverStore\FileRepository\u0372327.inf_amd64_9ba218a4d8e08e8c\B372145\atig6pxx.dll
0x00007fffa2ae0000 - 0x00007fffa5923000 	C:\WINDOWS\System32\DriverStore\FileRepository\u0372327.inf_amd64_9ba218a4d8e08e8c\B372145\atio6axx.dll
0x00007ff825df0000 - 0x00007ff82625c000 	C:\WINDOWS\System32\SETUPAPI.dll
0x00007ff800340000 - 0x00007ff800365000 	C:\WINDOWS\SYSTEM32\dxva2.dll
0x00007ff8226c0000 - 0x00007ff8226ef000 	C:\WINDOWS\SYSTEM32\dwmapi.dll
0x00007ff822f50000 - 0x00007ff822f8f000 	C:\WINDOWS\System32\DriverStore\FileRepository\u0372327.inf_amd64_9ba218a4d8e08e8c\B372145\atig6txx.dll
0x00007fffd5400000 - 0x00007fffd55cc000 	C:\WINDOWS\SYSTEM32\atiadlxx.dll
0x00007fffe1880000 - 0x00007fffe18cf000 	C:\WINDOWS\SYSTEM32\pdh.dll
0x00007ff821dd0000 - 0x00007ff821ec7000 	C:\WINDOWS\SYSTEM32\PROPSYS.dll
0x00007ff825680000 - 0x00007ff8256e7000 	C:\WINDOWS\System32\WINTRUST.dll
0x00007ff825a70000 - 0x00007ff825bd2000 	C:\WINDOWS\System32\CRYPT32.dll
0x00007ff824af0000 - 0x00007ff824b02000 	C:\WINDOWS\SYSTEM32\MSASN1.dll
0x00007fffef440000 - 0x00007fffef484000 	C:\WINDOWS\SYSTEM32\icm32.dll
0x0000000066b00000 - 0x0000000066b5b000 	C:\Users\viliu\AppData\Local\Temp\libgdxviliu\a14961b7\gdx-box2d64.dll

dbghelp: loaded successfully - version: 4.0.5 - missing functions: none
symbol engine: initialized successfully - sym options: 0x614 - pdb path: .;C:\Users\viliu\.jdks\azul-15.0.6\bin;C:\WINDOWS\SYSTEM32;C:\WINDOWS\WinSxS\amd64_microsoft.windows.common-controls_6595b64144ccf1df_6.0.22000.120_none_9d947278b86cc467;C:\Users\viliu\.jdks\azul-15.0.6\bin\server;C:\Users\viliu\AppData\Local\Temp\libgdxviliu\e1cd32f8;C:\Users\viliu\AppData\Local\Temp\libgdxviliu\1cecf4f6;C:\WINDOWS\System32\DriverStore\FileRepository\u0372327.inf_amd64_9ba218a4d8e08e8c\B372145;C:\Users\viliu\AppData\Local\Temp\libgdxviliu\a14961b7

VM Arguments:
jvm_args: -Dfile.encoding=windows-1252 -Duser.country=GB -Duser.language=en -Duser.variant 
java_command: com.viliu.subwaygunner.desktop.DesktopLauncher
java_class_path (initial): C:\Users\viliu\OneDrive\Desktop\studies\SubwayGunner\desktop\build\classes\java\main;C:\Users\viliu\OneDrive\Desktop\studies\SubwayGunner\desktop\build\resources\main;C:\Users\viliu\.gradle\caches\modules-2\files-2.1\com.badlogicgames.gdx\gdx-tools\1.10.0\d699cf4953fb42a071c7c3feb9b5c45601aa6a4b\gdx-tools-1.10.0.jar;C:\Users\viliu\.gradle\caches\modules-2\files-2.1\com.badlogicgames.gdx\gdx-backend-lwjgl\1.10.0\58ff89d9e4fd8a82591367f187d606e781cacc05\gdx-backend-lwjgl-1.10.0.jar;C:\Users\viliu\.gradle\caches\modules-2\files-2.1\com.badlogicgames.gdx\gdx-platform\1.10.0\9a8fa793d2fd6d360afc6c9e4c1f5583da263b88\gdx-platform-1.10.0-natives-desktop.jar;C:\Users\viliu\.gradle\caches\modules-2\files-2.1\com.badlogicgames.gdx\gdx-box2d-platform\1.10.0\588c4191c5a64ed39365e71484aa37d81c38eb5e\gdx-box2d-platform-1.10.0-natives-desktop.jar;C:\Users\viliu\.gradle\caches\modules-2\files-2.1\com.badlogicgames.gdx\gdx-bullet-platform\1.10.0\ce92e8dfc762523d769cbc50853163c03bf98cf1\gdx-bullet-platform-1.10.0-natives-desktop.jar;C:\Users\viliu\.gradle\caches\modules-2\files-2.1\com.badlogicgames.gdx\gdx-freetype-platform\1.10.0\6e5d28752759e69384f12e4569d2c884ff71352f\gdx-freetype-platform-1.10.0-natives-desktop.jar;C:\Users\viliu\.gradle\caches\modules-2\files-2.1\com.badlogicgames.gdx-controllers\gdx-controllers-desktop\2.1.0\6a40821fd5233d56ef82a78db790784e0d34a340\gdx-controllers-desktop-2.1.0.jar;C:\Users\viliu\OneDrive\Desktop\studies\SubwayGunner\core\build\libs\core-1.0.jar;C:\Users\viliu\.gradle\caches\modules-2\files-2.1\com.badlogicgames.gdx\gdx-backend-headless\1.10.0\990eadbb431197c5b9b816d1659c772e0268e65\gdx-backend-headless-1.10.0.jar;C:\Users\viliu\.gradle\caches\modules-2\files-2.1\com.badlogicgames.gdx\gdx-freetype\1.10.0\de1d0d5c1e92e8d91364256fd6b7bb279d3e9859\gdx-freetype-1.10.0.jar;C:\Users\viliu\.gradle\caches\modules-2\files-2.1\com.badlogicgames.gdx-controllers\gdx-controllers-core\2.1.0\7c282de3958795a6da5dd3cc2d64b9389a8f914
Launcher Type: SUN_STANDARD

[Global flags]
     intx CICompilerCount                          = 4                                         {product} {ergonomic}
     uint ConcGCThreads                            = 3                                         {product} {ergonomic}
     uint G1ConcRefinementThreads                  = 10                                        {product} {ergonomic}
   size_t G1HeapRegionSize                         = 2097152                                   {product} {ergonomic}
    uintx GCDrainStackTargetSize                   = 64                                        {product} {ergonomic}
   size_t InitialHeapSize                          = 260046848                                 {product} {ergonomic}
   size_t MarkStackSize                            = 4194304                                   {product} {ergonomic}
   size_t MaxHeapSize                              = 4135583744                                {product} {ergonomic}
   size_t MaxNewSize                               = 2480930816                                {product} {ergonomic}
   size_t MinHeapDeltaBytes                        = 2097152                                   {product} {ergonomic}
   size_t MinHeapSize                              = 8388608                                   {product} {ergonomic}
    uintx NonNMethodCodeHeapSize                   = 5839372                                {pd product} {ergonomic}
    uintx NonProfiledCodeHeapSize                  = 122909434                              {pd product} {ergonomic}
    uintx ProfiledCodeHeapSize                     = 122909434                              {pd product} {ergonomic}
    uintx ReservedCodeCacheSize                    = 251658240                              {pd product} {ergonomic}
     bool SegmentedCodeCache                       = true                                      {product} {ergonomic}
   size_t SoftMaxHeapSize                          = 4135583744                             {manageable} {ergonomic}
     bool UseCompressedClassPointers               = true                                 {lp64_product} {ergonomic}
     bool UseCompressedOops                        = true                                 {lp64_product} {ergonomic}
     bool UseG1GC                                  = true                                      {product} {ergonomic}
     bool UseLargePagesIndividualAllocation        = false                                  {pd product} {ergonomic}

Logging:
Log output configuration:
 #0: stdout all=warning uptime,level,tags
 #1: stderr all=off uptime,level,tags

Environment Variables:
PATH=C:\Program Files\Common Files\Oracle\Java\javapath;C:\ProgramData\Oracle\Java\javapath;C:\WINDOWS\system32;C:\WINDOWS;C:\WINDOWS\System32\Wbem;C:\WINDOWS\System32\WindowsPowerShell\v1.0\;C:\WINDOWS\System32\OpenSSH\;C:\MinGW\bin;C:\Git\cmd;C:\Program Files\nodejs\;C:\Users\viliu\AppData\Local\Microsoft\WindowsApps;C:\Microsoft VS Code\bin;C:\Program Files\JetBrains\IntelliJ IDEA Community Edition 2021.3.2\bin;;C:\Users\viliu\AppData\Roaming\npm;C:\Users\viliu\AppData\Roaming\Microsoft\Windows\Start Menu\Programs\Python 3.10;C:\Users\viliu\AppData\Roaming\Microsoft\Windows\Start Menu\Programs\Python 3.10\Scripts\;C:\Users\viliu\AppData\Local\Packages\PythonSoftwareFoundation.Python.3.10_qbz5n2kfra8p0\LocalCache\local-packages\Python310\site-packages\selenium\geckodriver.exe;
USERNAME=viliu
OS=Windows_NT
PROCESSOR_IDENTIFIER=AMD64 Family 23 Model 104 Stepping 1, AuthenticAMD



---------------  S Y S T E M  ---------------

OS:
 Windows 11 , 64 bit Build 22000 (10.0.22000.434)
OS uptime: 3 days 5:29 hours

CPU: total 12 (initial active 12) (12 cores per cpu, 2 threads per core) family 23 model 104 stepping 1 microcode 0x0, cmov, cx8, fxsr, mmx, sse, sse2, sse3, ssse3, sse4.1, sse4.2, popcnt, vzeroupper, avx, avx2, aes, clmul, 3dnowpref, lzcnt, sse4a, ht, tsc, tscinvbit, tscinv, bmi1, bmi2, adx, sha, fma, clflush, clflushopt

Memory: 4k page, system-wide physical 15771M (7775M free)
TotalPageFile size 18203M (AvailPageFile size 7419M)
current process WorkingSet (physical memory assigned to process): 133M, peak: 137M
current process commit charge ("private bytes"): 451M, peak: 455M

vm_info: OpenJDK 64-Bit Server VM (15.0.6+5-MTS) for windows-amd64 JRE (15.0.6+5-MTS) (Zulu15.38+17-CA), built on Dec 28 2021 08:32:49 by "zulu_re" with MS VC++ 15.9 (VS2017)

END.
