#
# A fatal error has been detected by the Java Runtime Environment:
#
#  EXCEPTION_ACCESS_VIOLATION (0xc0000005) at pc=0x0000000066b24aaf, pid=7784, tid=10292
#
# JRE version: OpenJDK Runtime Environment Zulu15.38+17-CA (15.0.6+5) (build 15.0.6+5-MTS)
# Java VM: OpenJDK 64-Bit Server VM Zulu15.38+17-CA (15.0.6+5-MTS, mixed mode, sharing, tiered, compressed oops, g1 gc, windows-amd64)
# Problematic frame:
# C  [gdx-box2d64.dll+0x24aaf]
#
# No core dump will be written. Minidumps are not enabled by default on client versions of Windows
#
# If you would like to submit a bug report, please visit:
#   http://www.azul.com/support/
# The crash happened outside the Java Virtual Machine in native code.
# See problematic frame for where to report the bug.
#

---------------  S U M M A R Y ------------

Command Line: -Dfile.encoding=windows-1252 -Duser.country=GB -Duser.language=en -Duser.variant com.viliu.subwaygunner.desktop.DesktopLauncher

Host: AMD Ryzen 5 5500U with Radeon Graphics         , 12 cores, 15G,  Windows 11 , 64 bit Build 22000 (10.0.22000.434)
Time: Tue Mar 15 21:52:51 2022 FLE Standard Time elapsed time: 5.987779 seconds (0d 0h 0m 5s)

---------------  T H R E A D  ---------------

Current thread (0x000001ee638802f0):  JavaThread "LWJGL Application" [_thread_in_native, id=10292, stack(0x0000009ef3200000,0x0000009ef3300000)]

Stack: [0x0000009ef3200000,0x0000009ef3300000],  sp=0x0000009ef32fed00,  free space=1019k
Native frames: (J=compiled Java code, j=interpreted, Vv=VM code, C=native code)
C  [gdx-box2d64.dll+0x24aaf]

Java frames: (J=compiled Java code, j=interpreted, Vv=VM code)
J 1102  com.badlogic.gdx.physics.box2d.Body.jniGetPosition(J[F)V (0 bytes) @ 0x000001ee4efc20ff [0x000001ee4efc20a0+0x000000000000005f]
J 1101 c1 com.badlogic.gdx.physics.box2d.Body.getPosition()Lcom/badlogic/gdx/math/Vector2; (43 bytes) @ 0x000001ee47c29bcc [0x000001ee47c29b40+0x000000000000008c]
j  com.viliu.subwaygunner.Sprites.Gunner.update(F)V+5
j  com.viliu.subwaygunner.Screens.PlayScreen.update(F)V+22
j  com.viliu.subwaygunner.Screens.PlayScreen.render(F)V+2
j  com.badlogic.gdx.Game.render()V+19
j  com.viliu.subwaygunner.SubwayGunner.render()V+1
j  com.badlogic.gdx.backends.lwjgl.LwjglApplication.mainLoop()V+776
j  com.badlogic.gdx.backends.lwjgl.LwjglApplication$1.run()V+27
v  ~StubRoutines::call_stub

siginfo: EXCEPTION_ACCESS_VIOLATION (0xc0000005), reading address 0x000001ee64f4bd6c


Register to memory mapping:

RIP=0x0000000066b24aaf gdx-box2d64.dll
RAX=0x0000000717722be0 is pointing into object: [F 
{0x0000000717722bd0} - klass: {type array float}
 - length: 4
RBX=0x000001ee63880618 points into unknown readable memory: 0x00007fff9c527fb0 | b0 7f 52 9c ff 7f 00 00
RCX=0x000001ee3e711000 points into unknown readable memory: 0x0000000000000000 | 00 00 00 00 00 00 00 00
RDX=0x0000000000000010 is an unknown value
RSP=0x0000009ef32fed00 is pointing into the stack for thread: 0x000001ee638802f0
RBP=0x0000009ef32feda0 is pointing into the stack for thread: 0x000001ee638802f0
RSI=0x0000009ef32fed70 is pointing into the stack for thread: 0x000001ee638802f0
RDI=0x000001ee64f4bd60 is an unknown value
R8 =0x0 is NULL
R9 =0x0000009ef32fed70 is pointing into the stack for thread: 0x000001ee638802f0
R10=0x0000000066b24a90 gdx-box2d64.dll
R11=0x000001ee47c29b60 is at entry_point+32 in (nmethod*)0x000001ee47c29990
R12=0x0 is NULL
R13=0x0000009ef32fee08 is pointing into the stack for thread: 0x000001ee638802f0
R14=0x0 is NULL
R15=0x000001ee638802f0 is a thread


Registers:
RAX=0x0000000717722be0, RBX=0x000001ee63880618, RCX=0x000001ee3e711000, RDX=0x0000000000000010
RSP=0x0000009ef32fed00, RBP=0x0000009ef32feda0, RSI=0x0000009ef32fed70, RDI=0x000001ee64f4bd60
R8 =0x0000000000000000, R9 =0x0000009ef32fed70, R10=0x0000000066b24a90, R11=0x000001ee47c29b60
R12=0x0000000000000000, R13=0x0000009ef32fee08, R14=0x0000000000000000, R15=0x000001ee638802f0
RIP=0x0000000066b24aaf, EFLAGS=0x0000000000010206

Top of Stack: (sp=0x0000009ef32fed00)
0x0000009ef32fed00:   000001ee63880618 0000009ef32feda0
0x0000009ef32fed10:   0000009ef32fed70 000001ee64f4bd60
0x0000009ef32fed20:   000001ee630781b8 0000000717722b78
0x0000009ef32fed30:   000001ee630ddbc8 000001ee4efc219f
0x0000009ef32fed40:   0000000700000006 0000009e00000002
0x0000009ef32fed50:   000001ee62de5461 0000009ef32feda8
0x0000009ef32fed60:   0000000717722b78 0000000000000000
0x0000009ef32fed70:   0000000717722bd0 0000000000000000
0x0000009ef32fed80:   0000009ef32fee00 000001ee6306a5b8
0x0000009ef32fed90:   0000000000000000 00000007178152f0
0x0000009ef32feda0:   0000009ef32fee60 000001ee47c29bcc
0x0000009ef32fedb0:   0000009ef32fedd8 0000009ef32fee50
0x0000009ef32fedc0:   000001ee4747a1aa 0000000000000000
0x0000009ef32fedd0:   000001ee4747c218 0000000717722b78
0x0000009ef32fede0:   0000000000000006 000001ee3c888889
0x0000009ef32fedf0:   0000009ef32fee60 000001ee47479f00 

Instructions: (pc=0x0000000066b24aaf)
0x0000000066b249af:   11 44 24 38 66 89 44 24 42 e8 c3 9c ff ff 48 83
0x0000000066b249bf:   c4 58 c3 0f 1f 40 00 66 2e 0f 1f 84 00 00 00 00
0x0000000066b249cf:   00 f3 0f 10 54 24 28 4c 89 ca 4c 89 c1 e9 8f 9d
0x0000000066b249df:   ff ff 0f 1f 44 00 00 66 2e 0f 1f 84 00 00 00 00
0x0000000066b249ef:   00 48 83 ec 38 48 8d 54 24 20 f3 0f 10 44 24 60
0x0000000066b249ff:   f3 0f 10 54 24 68 4c 89 c1 f3 0f 11 5c 24 20 f3
0x0000000066b24a0f:   0f 11 44 24 24 e8 a7 a1 ff ff 90 48 83 c4 38 c3
0x0000000066b24a1f:   90 57 56 53 48 83 ec 20 48 8b 01 4c 89 c6 48 89
0x0000000066b24a2f:   cb 4c 89 cf 45 31 c0 4c 89 ca ff 90 f0 06 00 00
0x0000000066b24a3f:   f3 0f 10 5e 0c 49 89 c0 f3 0f 10 56 10 45 31 c9
0x0000000066b24a4f:   f3 0f 10 46 14 48 89 fa f3 0f 10 4e 18 48 89 d9
0x0000000066b24a5f:   f3 0f 11 18 f3 0f 11 50 04 f3 0f 11 48 08 f3 0f
0x0000000066b24a6f:   11 40 0c 48 8b 03 48 8b 80 f8 06 00 00 48 83 c4
0x0000000066b24a7f:   20 5b 5e 5f 48 ff e0 66 2e 0f 1f 84 00 00 00 00
0x0000000066b24a8f:   00 57 56 53 48 83 ec 20 48 8b 01 4c 89 c7 48 89
0x0000000066b24a9f:   cb 4c 89 ce 45 31 c0 4c 89 ca ff 90 f0 06 00 00
0x0000000066b24aaf:   f3 0f 10 4f 0c 49 89 c0 f3 0f 10 47 10 45 31 c9
0x0000000066b24abf:   f3 0f 11 08 48 89 f2 48 89 d9 f3 0f 11 40 04 48
0x0000000066b24acf:   8b 03 48 8b 80 f8 06 00 00 48 83 c4 20 5b 5e 5f
0x0000000066b24adf:   48 ff e0 0f 1f 40 00 66 2e 0f 1f 84 00 00 00 00
0x0000000066b24aef:   00 f3 41 0f 10 40 38 c3 66 0f 1f 84 00 00 00 00
0x0000000066b24aff:   00 57 56 53 48 83 ec 20 48 8b 01 4c 89 c7 48 89
0x0000000066b24b0f:   cb 4c 89 ce 45 31 c0 4c 89 ca ff 90 f0 06 00 00
0x0000000066b24b1f:   f3 0f 10 4f 2c 49 89 c0 f3 0f 10 47 30 45 31 c9
0x0000000066b24b2f:   f3 0f 11 08 48 89 f2 48 89 d9 f3 0f 11 40 04 48
0x0000000066b24b3f:   8b 03 48 8b 80 f8 06 00 00 48 83 c4 20 5b 5e 5f
0x0000000066b24b4f:   48 ff e0 0f 1f 40 00 66 2e 0f 1f 84 00 00 00 00
0x0000000066b24b5f:   00 57 56 53 48 83 ec 20 48 8b 01 4c 89 c7 48 89
0x0000000066b24b6f:   cb 4c 89 ce 45 31 c0 4c 89 ca ff 90 f0 06 00 00
0x0000000066b24b7f:   f3 0f 10 4f 1c 49 89 c0 f3 0f 10 47 20 45 31 c9
0x0000000066b24b8f:   f3 0f 11 08 48 89 f2 48 89 d9 f3 0f 11 40 04 48
0x0000000066b24b9f:   8b 03 48 8b 80 f8 06 00 00 48 83 c4 20 5b 5e 5f 


Stack slot to memory mapping:
stack at sp + 0 slots: 0x000001ee63880618 points into unknown readable memory: 0x00007fff9c527fb0 | b0 7f 52 9c ff 7f 00 00
stack at sp + 1 slots: 0x0000009ef32feda0 is pointing into the stack for thread: 0x000001ee638802f0
stack at sp + 2 slots: 0x0000009ef32fed70 is pointing into the stack for thread: 0x000001ee638802f0
stack at sp + 3 slots: 0x000001ee64f4bd60 is an unknown value
stack at sp + 4 slots: {method} {0x000001ee630781c0} 'getPosition' '()Lcom/badlogic/gdx/math/Vector2;' in 'com/badlogic/gdx/physics/box2d/Body'
stack at sp + 5 slots: 0x0000000717722b78 is an oop: com.badlogic.gdx.physics.box2d.Body 
{0x0000000717722b78} - klass: 'com/badlogic/gdx/physics/box2d/Body'
stack at sp + 6 slots: 0x000001ee630ddbc8 is pointing into metadata
stack at sp + 7 slots: 0x000001ee4efc219f is at entry_point+255 in (nmethod*)0x000001ee4efc1f10


---------------  P R O C E S S  ---------------

Threads class SMR info:
_java_thread_list=0x000001ee6b938c90, length=14, elements={
0x000001ee628e7080, 0x000001ee628e7a60, 0x000001ee631073f0, 0x000001ee63107cb0,
0x000001ee63108570, 0x000001ee6310b170, 0x000001ee6310ba70, 0x000001ee6310f870,
0x000001ee63238ac0, 0x000001ee63248be0, 0x000001ee638802f0, 0x000001ee3ef389c0,
0x000001ee65f80e60, 0x000001ee6bb4bd60
}

Java Threads: ( => current thread )
  0x000001ee628e7080 JavaThread "Reference Handler" daemon [_thread_blocked, id=14364, stack(0x0000009ef2700000,0x0000009ef2800000)]
  0x000001ee628e7a60 JavaThread "Finalizer" daemon [_thread_blocked, id=14072, stack(0x0000009ef2800000,0x0000009ef2900000)]
  0x000001ee631073f0 JavaThread "Signal Dispatcher" daemon [_thread_blocked, id=13868, stack(0x0000009ef2900000,0x0000009ef2a00000)]
  0x000001ee63107cb0 JavaThread "Attach Listener" daemon [_thread_blocked, id=11964, stack(0x0000009ef2a00000,0x0000009ef2b00000)]
  0x000001ee63108570 JavaThread "Service Thread" daemon [_thread_blocked, id=11608, stack(0x0000009ef2b00000,0x0000009ef2c00000)]
  0x000001ee6310b170 JavaThread "C2 CompilerThread0" daemon [_thread_in_native, id=4120, stack(0x0000009ef2c00000,0x0000009ef2d00000)]
  0x000001ee6310ba70 JavaThread "C1 CompilerThread0" daemon [_thread_blocked, id=2040, stack(0x0000009ef2d00000,0x0000009ef2e00000)]
  0x000001ee6310f870 JavaThread "Sweeper thread" daemon [_thread_blocked, id=11820, stack(0x0000009ef2e00000,0x0000009ef2f00000)]
  0x000001ee63238ac0 JavaThread "Notification Thread" daemon [_thread_blocked, id=12116, stack(0x0000009ef2f00000,0x0000009ef3000000)]
  0x000001ee63248be0 JavaThread "Common-Cleaner" daemon [_thread_blocked, id=13212, stack(0x0000009ef3100000,0x0000009ef3200000)]
=>0x000001ee638802f0 JavaThread "LWJGL Application" [_thread_in_native, id=10292, stack(0x0000009ef3200000,0x0000009ef3300000)]
  0x000001ee3ef389c0 JavaThread "DestroyJavaVM" [_thread_blocked, id=14444, stack(0x0000009ef2000000,0x0000009ef2100000)]
  0x000001ee65f80e60 JavaThread "AssetManager" daemon [_thread_blocked, id=13056, stack(0x0000009ef3700000,0x0000009ef3800000)]
  0x000001ee6bb4bd60 JavaThread "LWJGL Timer" daemon [_thread_blocked, id=16432, stack(0x0000009ef3a00000,0x0000009ef3b00000)]

Other Threads:
  0x000001ee628e39e0 VMThread "VM Thread" [stack: 0x0000009ef2600000,0x0000009ef2700000] [id=12372]
  0x000001ee6323cfa0 WatcherThread [stack: 0x0000009ef3000000,0x0000009ef3100000] [id=1908]
  0x000001ee3ef88d00 GCTaskThread "GC Thread#0" [stack: 0x0000009ef2100000,0x0000009ef2200000] [id=13028]
  0x000001ee660024b0 GCTaskThread "GC Thread#1" [stack: 0x0000009ef3800000,0x0000009ef3900000] [id=4356]
  0x000001ee65fff810 GCTaskThread "GC Thread#2" [stack: 0x0000009ef3900000,0x0000009ef3a00000] [id=7504]
  0x000001ee65fffb40 GCTaskThread "GC Thread#3" [stack: 0x0000009ef3b00000,0x0000009ef3c00000] [id=8680]
  0x000001ee660027e0 GCTaskThread "GC Thread#4" [stack: 0x0000009ef3c00000,0x0000009ef3d00000] [id=14840]
  0x000001ee3ef99020 ConcurrentGCThread "G1 Main Marker" [stack: 0x0000009ef2200000,0x0000009ef2300000] [id=16740]
  0x000001ee3ef9bfb0 ConcurrentGCThread "G1 Conc#0" [stack: 0x0000009ef2300000,0x0000009ef2400000] [id=6736]
  0x000001ee3f00d680 ConcurrentGCThread "G1 Refine#0" [stack: 0x0000009ef2400000,0x0000009ef2500000] [id=14556]
  0x000001ee3f00ddd0 ConcurrentGCThread "G1 Young RemSet Sampling" [stack: 0x0000009ef2500000,0x0000009ef2600000] [id=14044]

Threads with active compile tasks:
C2 CompilerThread0     6018 1244 %     4       com.badlogic.gdx.utils.XmlReader::parse @ 24 (1316 bytes)

VM state: not at safepoint (normal execution)

VM Mutex/Monitor currently owned by a thread: None

Heap address: 0x0000000709800000, size: 3944 MB, Compressed Oops mode: Zero based, Oop shift amount: 3
CDS archive(s) mapped at: [0x0000000800000000-0x0000000800b70000-0x0000000800b70000), size 11993088, SharedBaseAddress: 0x0000000800000000, ArchiveRelocationMode: 0.
Compressed class space mapped at: 0x0000000800b70000-0x0000000840b70000, size: 1073741824
Narrow klass base: 0x0000000800000000, Narrow klass shift: 3, Narrow klass range: 0x100000000

GC Precious Log:
 CPUs: 12 total, 12 available
 Memory: 15771M
 Large Page Support: Disabled
 NUMA Support: Disabled
 Compressed Oops: Enabled (Zero based)
 Heap Region Size: 2M
 Heap Min Capacity: 8M
 Heap Initial Capacity: 248M
 Heap Max Capacity: 3944M
 Pre-touch: Disabled
 Parallel Workers: 10
 Concurrent Workers: 3
 Concurrent Refinement Workers: 10
 Periodic GC: Disabled

Heap:
 garbage-first heap   total 253952K, used 4299K [0x0000000709800000, 0x0000000800000000)
  region size 2048K, 3 young (6144K), 2 survivors (4096K)
 Metaspace       used 6256K, capacity 8849K, committed 9216K, reserved 1058816K
  class space    used 478K, capacity 718K, committed 768K, reserved 1048576K

Heap Regions: E=young(eden), S=young(survivor), O=old, HS=humongous(starts), HC=humongous(continues), CS=collection set, F=free, OA=open archive, CA=closed archive, TAMS=top-at-mark-start (previous, next)
|   0|0x0000000709800000, 0x0000000709832c00, 0x0000000709a00000|  9%| O|  |TAMS 0x0000000709800000, 0x0000000709800000| Untracked 
|   1|0x0000000709a00000, 0x0000000709a00000, 0x0000000709c00000|  0%| F|  |TAMS 0x0000000709a00000, 0x0000000709a00000| Untracked 
|   2|0x0000000709c00000, 0x0000000709c00000, 0x0000000709e00000|  0%| F|  |TAMS 0x0000000709c00000, 0x0000000709c00000| Untracked 
|   3|0x0000000709e00000, 0x0000000709e00000, 0x000000070a000000|  0%| F|  |TAMS 0x0000000709e00000, 0x0000000709e00000| Untracked 
|   4|0x000000070a000000, 0x000000070a000000, 0x000000070a200000|  0%| F|  |TAMS 0x000000070a000000, 0x000000070a000000| Untracked 
|   5|0x000000070a200000, 0x000000070a200000, 0x000000070a400000|  0%| F|  |TAMS 0x000000070a200000, 0x000000070a200000| Untracked 
|   6|0x000000070a400000, 0x000000070a400000, 0x000000070a600000|  0%| F|  |TAMS 0x000000070a400000, 0x000000070a400000| Untracked 
|   7|0x000000070a600000, 0x000000070a600000, 0x000000070a800000|  0%| F|  |TAMS 0x000000070a600000, 0x000000070a600000| Untracked 
|   8|0x000000070a800000, 0x000000070a800000, 0x000000070aa00000|  0%| F|  |TAMS 0x000000070a800000, 0x000000070a800000| Untracked 
|   9|0x000000070aa00000, 0x000000070aa00000, 0x000000070ac00000|  0%| F|  |TAMS 0x000000070aa00000, 0x000000070aa00000| Untracked 
|  10|0x000000070ac00000, 0x000000070ac00000, 0x000000070ae00000|  0%| F|  |TAMS 0x000000070ac00000, 0x000000070ac00000| Untracked 
|  11|0x000000070ae00000, 0x000000070ae00000, 0x000000070b000000|  0%| F|  |TAMS 0x000000070ae00000, 0x000000070ae00000| Untracked 
|  12|0x000000070b000000, 0x000000070b000000, 0x000000070b200000|  0%| F|  |TAMS 0x000000070b000000, 0x000000070b000000| Untracked 
|  13|0x000000070b200000, 0x000000070b200000, 0x000000070b400000|  0%| F|  |TAMS 0x000000070b200000, 0x000000070b200000| Untracked 
|  14|0x000000070b400000, 0x000000070b400000, 0x000000070b600000|  0%| F|  |TAMS 0x000000070b400000, 0x000000070b400000| Untracked 
|  15|0x000000070b600000, 0x000000070b600000, 0x000000070b800000|  0%| F|  |TAMS 0x000000070b600000, 0x000000070b600000| Untracked 
|  16|0x000000070b800000, 0x000000070b800000, 0x000000070ba00000|  0%| F|  |TAMS 0x000000070b800000, 0x000000070b800000| Untracked 
|  17|0x000000070ba00000, 0x000000070ba00000, 0x000000070bc00000|  0%| F|  |TAMS 0x000000070ba00000, 0x000000070ba00000| Untracked 
|  18|0x000000070bc00000, 0x000000070bc00000, 0x000000070be00000|  0%| F|  |TAMS 0x000000070bc00000, 0x000000070bc00000| Untracked 
|  19|0x000000070be00000, 0x000000070be00000, 0x000000070c000000|  0%| F|  |TAMS 0x000000070be00000, 0x000000070be00000| Untracked 
|  20|0x000000070c000000, 0x000000070c000000, 0x000000070c200000|  0%| F|  |TAMS 0x000000070c000000, 0x000000070c000000| Untracked 
|  21|0x000000070c200000, 0x000000070c200000, 0x000000070c400000|  0%| F|  |TAMS 0x000000070c200000, 0x000000070c200000| Untracked 
|  22|0x000000070c400000, 0x000000070c400000, 0x000000070c600000|  0%| F|  |TAMS 0x000000070c400000, 0x000000070c400000| Untracked 
|  23|0x000000070c600000, 0x000000070c600000, 0x000000070c800000|  0%| F|  |TAMS 0x000000070c600000, 0x000000070c600000| Untracked 
|  24|0x000000070c800000, 0x000000070c800000, 0x000000070ca00000|  0%| F|  |TAMS 0x000000070c800000, 0x000000070c800000| Untracked 
|  25|0x000000070ca00000, 0x000000070ca00000, 0x000000070cc00000|  0%| F|  |TAMS 0x000000070ca00000, 0x000000070ca00000| Untracked 
|  26|0x000000070cc00000, 0x000000070cc00000, 0x000000070ce00000|  0%| F|  |TAMS 0x000000070cc00000, 0x000000070cc00000| Untracked 
|  27|0x000000070ce00000, 0x000000070ce00000, 0x000000070d000000|  0%| F|  |TAMS 0x000000070ce00000, 0x000000070ce00000| Untracked 
|  28|0x000000070d000000, 0x000000070d000000, 0x000000070d200000|  0%| F|  |TAMS 0x000000070d000000, 0x000000070d000000| Untracked 
|  29|0x000000070d200000, 0x000000070d200000, 0x000000070d400000|  0%| F|  |TAMS 0x000000070d200000, 0x000000070d200000| Untracked 
|  30|0x000000070d400000, 0x000000070d400000, 0x000000070d600000|  0%| F|  |TAMS 0x000000070d400000, 0x000000070d400000| Untracked 
|  31|0x000000070d600000, 0x000000070d600000, 0x000000070d800000|  0%| F|  |TAMS 0x000000070d600000, 0x000000070d600000| Untracked 
|  32|0x000000070d800000, 0x000000070d800000, 0x000000070da00000|  0%| F|  |TAMS 0x000000070d800000, 0x000000070d800000| Untracked 
|  33|0x000000070da00000, 0x000000070da00000, 0x000000070dc00000|  0%| F|  |TAMS 0x000000070da00000, 0x000000070da00000| Untracked 
|  34|0x000000070dc00000, 0x000000070dc00000, 0x000000070de00000|  0%| F|  |TAMS 0x000000070dc00000, 0x000000070dc00000| Untracked 
|  35|0x000000070de00000, 0x000000070de00000, 0x000000070e000000|  0%| F|  |TAMS 0x000000070de00000, 0x000000070de00000| Untracked 
|  36|0x000000070e000000, 0x000000070e000000, 0x000000070e200000|  0%| F|  |TAMS 0x000000070e000000, 0x000000070e000000| Untracked 
|  37|0x000000070e200000, 0x000000070e200000, 0x000000070e400000|  0%| F|  |TAMS 0x000000070e200000, 0x000000070e200000| Untracked 
|  38|0x000000070e400000, 0x000000070e400000, 0x000000070e600000|  0%| F|  |TAMS 0x000000070e400000, 0x000000070e400000| Untracked 
|  39|0x000000070e600000, 0x000000070e600000, 0x000000070e800000|  0%| F|  |TAMS 0x000000070e600000, 0x000000070e600000| Untracked 
|  40|0x000000070e800000, 0x000000070e800000, 0x000000070ea00000|  0%| F|  |TAMS 0x000000070e800000, 0x000000070e800000| Untracked 
|  41|0x000000070ea00000, 0x000000070ea00000, 0x000000070ec00000|  0%| F|  |TAMS 0x000000070ea00000, 0x000000070ea00000| Untracked 
|  42|0x000000070ec00000, 0x000000070ec00000, 0x000000070ee00000|  0%| F|  |TAMS 0x000000070ec00000, 0x000000070ec00000| Untracked 
|  43|0x000000070ee00000, 0x000000070ee00000, 0x000000070f000000|  0%| F|  |TAMS 0x000000070ee00000, 0x000000070ee00000| Untracked 
|  44|0x000000070f000000, 0x000000070f000000, 0x000000070f200000|  0%| F|  |TAMS 0x000000070f000000, 0x000000070f000000| Untracked 
|  45|0x000000070f200000, 0x000000070f200000, 0x000000070f400000|  0%| F|  |TAMS 0x000000070f200000, 0x000000070f200000| Untracked 
|  46|0x000000070f400000, 0x000000070f400000, 0x000000070f600000|  0%| F|  |TAMS 0x000000070f400000, 0x000000070f400000| Untracked 
|  47|0x000000070f600000, 0x000000070f600000, 0x000000070f800000|  0%| F|  |TAMS 0x000000070f600000, 0x000000070f600000| Untracked 
|  48|0x000000070f800000, 0x000000070f800000, 0x000000070fa00000|  0%| F|  |TAMS 0x000000070f800000, 0x000000070f800000| Untracked 
|  49|0x000000070fa00000, 0x000000070fa00000, 0x000000070fc00000|  0%| F|  |TAMS 0x000000070fa00000, 0x000000070fa00000| Untracked 
|  50|0x000000070fc00000, 0x000000070fc00000, 0x000000070fe00000|  0%| F|  |TAMS 0x000000070fc00000, 0x000000070fc00000| Untracked 
|  51|0x000000070fe00000, 0x000000070fe00000, 0x0000000710000000|  0%| F|  |TAMS 0x000000070fe00000, 0x000000070fe00000| Untracked 
|  52|0x0000000710000000, 0x0000000710000000, 0x0000000710200000|  0%| F|  |TAMS 0x0000000710000000, 0x0000000710000000| Untracked 
|  53|0x0000000710200000, 0x0000000710200000, 0x0000000710400000|  0%| F|  |TAMS 0x0000000710200000, 0x0000000710200000| Untracked 
|  54|0x0000000710400000, 0x0000000710400000, 0x0000000710600000|  0%| F|  |TAMS 0x0000000710400000, 0x0000000710400000| Untracked 
|  55|0x0000000710600000, 0x0000000710600000, 0x0000000710800000|  0%| F|  |TAMS 0x0000000710600000, 0x0000000710600000| Untracked 
|  56|0x0000000710800000, 0x0000000710800000, 0x0000000710a00000|  0%| F|  |TAMS 0x0000000710800000, 0x0000000710800000| Untracked 
|  57|0x0000000710a00000, 0x0000000710a00000, 0x0000000710c00000|  0%| F|  |TAMS 0x0000000710a00000, 0x0000000710a00000| Untracked 
|  58|0x0000000710c00000, 0x0000000710c00000, 0x0000000710e00000|  0%| F|  |TAMS 0x0000000710c00000, 0x0000000710c00000| Untracked 
|  59|0x0000000710e00000, 0x0000000710e00000, 0x0000000711000000|  0%| F|  |TAMS 0x0000000710e00000, 0x0000000710e00000| Untracked 
|  60|0x0000000711000000, 0x0000000711000000, 0x0000000711200000|  0%| F|  |TAMS 0x0000000711000000, 0x0000000711000000| Untracked 
|  61|0x0000000711200000, 0x0000000711200000, 0x0000000711400000|  0%| F|  |TAMS 0x0000000711200000, 0x0000000711200000| Untracked 
|  62|0x0000000711400000, 0x0000000711400000, 0x0000000711600000|  0%| F|  |TAMS 0x0000000711400000, 0x0000000711400000| Untracked 
|  63|0x0000000711600000, 0x0000000711600000, 0x0000000711800000|  0%| F|  |TAMS 0x0000000711600000, 0x0000000711600000| Untracked 
|  64|0x0000000711800000, 0x0000000711800000, 0x0000000711a00000|  0%| F|  |TAMS 0x0000000711800000, 0x0000000711800000| Untracked 
|  65|0x0000000711a00000, 0x0000000711a00000, 0x0000000711c00000|  0%| F|  |TAMS 0x0000000711a00000, 0x0000000711a00000| Untracked 
|  66|0x0000000711c00000, 0x0000000711c00000, 0x0000000711e00000|  0%| F|  |TAMS 0x0000000711c00000, 0x0000000711c00000| Untracked 
|  67|0x0000000711e00000, 0x0000000711e00000, 0x0000000712000000|  0%| F|  |TAMS 0x0000000711e00000, 0x0000000711e00000| Untracked 
|  68|0x0000000712000000, 0x0000000712000000, 0x0000000712200000|  0%| F|  |TAMS 0x0000000712000000, 0x0000000712000000| Untracked 
|  69|0x0000000712200000, 0x0000000712200000, 0x0000000712400000|  0%| F|  |TAMS 0x0000000712200000, 0x0000000712200000| Untracked 
|  70|0x0000000712400000, 0x0000000712400000, 0x0000000712600000|  0%| F|  |TAMS 0x0000000712400000, 0x0000000712400000| Untracked 
|  71|0x0000000712600000, 0x0000000712600000, 0x0000000712800000|  0%| F|  |TAMS 0x0000000712600000, 0x0000000712600000| Untracked 
|  72|0x0000000712800000, 0x0000000712800000, 0x0000000712a00000|  0%| F|  |TAMS 0x0000000712800000, 0x0000000712800000| Untracked 
|  73|0x0000000712a00000, 0x0000000712a00000, 0x0000000712c00000|  0%| F|  |TAMS 0x0000000712a00000, 0x0000000712a00000| Untracked 
|  74|0x0000000712c00000, 0x0000000712c00000, 0x0000000712e00000|  0%| F|  |TAMS 0x0000000712c00000, 0x0000000712c00000| Untracked 
|  75|0x0000000712e00000, 0x0000000712e00000, 0x0000000713000000|  0%| F|  |TAMS 0x0000000712e00000, 0x0000000712e00000| Untracked 
|  76|0x0000000713000000, 0x0000000713000000, 0x0000000713200000|  0%| F|  |TAMS 0x0000000713000000, 0x0000000713000000| Untracked 
|  77|0x0000000713200000, 0x0000000713200000, 0x0000000713400000|  0%| F|  |TAMS 0x0000000713200000, 0x0000000713200000| Untracked 
|  78|0x0000000713400000, 0x0000000713400000, 0x0000000713600000|  0%| F|  |TAMS 0x0000000713400000, 0x0000000713400000| Untracked 
|  79|0x0000000713600000, 0x0000000713600000, 0x0000000713800000|  0%| F|  |TAMS 0x0000000713600000, 0x0000000713600000| Untracked 
|  80|0x0000000713800000, 0x0000000713800000, 0x0000000713a00000|  0%| F|  |TAMS 0x0000000713800000, 0x0000000713800000| Untracked 
|  81|0x0000000713a00000, 0x0000000713a00000, 0x0000000713c00000|  0%| F|  |TAMS 0x0000000713a00000, 0x0000000713a00000| Untracked 
|  82|0x0000000713c00000, 0x0000000713c00000, 0x0000000713e00000|  0%| F|  |TAMS 0x0000000713c00000, 0x0000000713c00000| Untracked 
|  83|0x0000000713e00000, 0x0000000713e00000, 0x0000000714000000|  0%| F|  |TAMS 0x0000000713e00000, 0x0000000713e00000| Untracked 
|  84|0x0000000714000000, 0x0000000714000000, 0x0000000714200000|  0%| F|  |TAMS 0x0000000714000000, 0x0000000714000000| Untracked 
|  85|0x0000000714200000, 0x0000000714200000, 0x0000000714400000|  0%| F|  |TAMS 0x0000000714200000, 0x0000000714200000| Untracked 
|  86|0x0000000714400000, 0x0000000714400000, 0x0000000714600000|  0%| F|  |TAMS 0x0000000714400000, 0x0000000714400000| Untracked 
|  87|0x0000000714600000, 0x0000000714600000, 0x0000000714800000|  0%| F|  |TAMS 0x0000000714600000, 0x0000000714600000| Untracked 
|  88|0x0000000714800000, 0x0000000714800000, 0x0000000714a00000|  0%| F|  |TAMS 0x0000000714800000, 0x0000000714800000| Untracked 
|  89|0x0000000714a00000, 0x0000000714a00000, 0x0000000714c00000|  0%| F|  |TAMS 0x0000000714a00000, 0x0000000714a00000| Untracked 
|  90|0x0000000714c00000, 0x0000000714c00000, 0x0000000714e00000|  0%| F|  |TAMS 0x0000000714c00000, 0x0000000714c00000| Untracked 
|  91|0x0000000714e00000, 0x0000000714e00000, 0x0000000715000000|  0%| F|  |TAMS 0x0000000714e00000, 0x0000000714e00000| Untracked 
|  92|0x0000000715000000, 0x0000000715000000, 0x0000000715200000|  0%| F|  |TAMS 0x0000000715000000, 0x0000000715000000| Untracked 
|  93|0x0000000715200000, 0x0000000715200000, 0x0000000715400000|  0%| F|  |TAMS 0x0000000715200000, 0x0000000715200000| Untracked 
|  94|0x0000000715400000, 0x0000000715400000, 0x0000000715600000|  0%| F|  |TAMS 0x0000000715400000, 0x0000000715400000| Untracked 
|  95|0x0000000715600000, 0x0000000715600000, 0x0000000715800000|  0%| F|  |TAMS 0x0000000715600000, 0x0000000715600000| Untracked 
|  96|0x0000000715800000, 0x0000000715800000, 0x0000000715a00000|  0%| F|  |TAMS 0x0000000715800000, 0x0000000715800000| Untracked 
|  97|0x0000000715a00000, 0x0000000715a00000, 0x0000000715c00000|  0%| F|  |TAMS 0x0000000715a00000, 0x0000000715a00000| Untracked 
|  98|0x0000000715c00000, 0x0000000715c00000, 0x0000000715e00000|  0%| F|  |TAMS 0x0000000715c00000, 0x0000000715c00000| Untracked 
|  99|0x0000000715e00000, 0x0000000715e00000, 0x0000000716000000|  0%| F|  |TAMS 0x0000000715e00000, 0x0000000715e00000| Untracked 
| 100|0x0000000716000000, 0x0000000716000000, 0x0000000716200000|  0%| F|  |TAMS 0x0000000716000000, 0x0000000716000000| Untracked 
| 101|0x0000000716200000, 0x0000000716200000, 0x0000000716400000|  0%| F|  |TAMS 0x0000000716200000, 0x0000000716200000| Untracked 
| 102|0x0000000716400000, 0x0000000716400000, 0x0000000716600000|  0%| F|  |TAMS 0x0000000716400000, 0x0000000716400000| Untracked 
| 103|0x0000000716600000, 0x0000000716600000, 0x0000000716800000|  0%| F|  |TAMS 0x0000000716600000, 0x0000000716600000| Untracked 
| 104|0x0000000716800000, 0x0000000716800000, 0x0000000716a00000|  0%| F|  |TAMS 0x0000000716800000, 0x0000000716800000| Untracked 
| 105|0x0000000716a00000, 0x0000000716a00000, 0x0000000716c00000|  0%| F|  |TAMS 0x0000000716a00000, 0x0000000716a00000| Untracked 
| 106|0x0000000716c00000, 0x0000000716c00000, 0x0000000716e00000|  0%| F|  |TAMS 0x0000000716c00000, 0x0000000716c00000| Untracked 
| 107|0x0000000716e00000, 0x0000000716e00000, 0x0000000717000000|  0%| F|  |TAMS 0x0000000716e00000, 0x0000000716e00000| Untracked 
| 108|0x0000000717000000, 0x0000000717000000, 0x0000000717200000|  0%| F|  |TAMS 0x0000000717000000, 0x0000000717000000| Untracked 
| 109|0x0000000717200000, 0x0000000717200000, 0x0000000717400000|  0%| F|  |TAMS 0x0000000717200000, 0x0000000717200000| Untracked 
| 110|0x0000000717400000, 0x0000000717400000, 0x0000000717600000|  0%| F|  |TAMS 0x0000000717400000, 0x0000000717400000| Untracked 
| 111|0x0000000717600000, 0x0000000717800000, 0x0000000717800000|100%| S|CS|TAMS 0x0000000717600000, 0x0000000717600000| Complete 
| 112|0x0000000717800000, 0x0000000717a00000, 0x0000000717a00000|100%| S|CS|TAMS 0x0000000717800000, 0x0000000717800000| Complete 
| 113|0x0000000717a00000, 0x0000000717a00000, 0x0000000717c00000|  0%| F|  |TAMS 0x0000000717a00000, 0x0000000717a00000| Untracked 
| 114|0x0000000717c00000, 0x0000000717c00000, 0x0000000717e00000|  0%| F|  |TAMS 0x0000000717c00000, 0x0000000717c00000| Untracked 
| 115|0x0000000717e00000, 0x0000000717e00000, 0x0000000718000000|  0%| F|  |TAMS 0x0000000717e00000, 0x0000000717e00000| Untracked 
| 116|0x0000000718000000, 0x0000000718000000, 0x0000000718200000|  0%| F|  |TAMS 0x0000000718000000, 0x0000000718000000| Untracked 
| 117|0x0000000718200000, 0x0000000718200000, 0x0000000718400000|  0%| F|  |TAMS 0x0000000718200000, 0x0000000718200000| Untracked 
| 118|0x0000000718400000, 0x0000000718400000, 0x0000000718600000|  0%| F|  |TAMS 0x0000000718400000, 0x0000000718400000| Untracked 
| 119|0x0000000718600000, 0x0000000718600000, 0x0000000718800000|  0%| F|  |TAMS 0x0000000718600000, 0x0000000718600000| Untracked 
| 120|0x0000000718800000, 0x0000000718800000, 0x0000000718a00000|  0%| F|  |TAMS 0x0000000718800000, 0x0000000718800000| Untracked 
| 121|0x0000000718a00000, 0x0000000718a00000, 0x0000000718c00000|  0%| F|  |TAMS 0x0000000718a00000, 0x0000000718a00000| Untracked 
| 122|0x0000000718c00000, 0x0000000718c00000, 0x0000000718e00000|  0%| F|  |TAMS 0x0000000718c00000, 0x0000000718c00000| Untracked 
| 123|0x0000000718e00000, 0x0000000719000000, 0x0000000719000000|100%| E|  |TAMS 0x0000000718e00000, 0x0000000718e00000| Complete 

Card table byte_map: [0x000001ee57190000,0x000001ee57950000] _byte_map_base: 0x000001ee53944000

Marking Bits (Prev, Next): (CMBitMap*) 0x000001ee3ef89040, (CMBitMap*) 0x000001ee3ef89080
 Prev Bits: [0x000001ee58110000, 0x000001ee5beb0000)
 Next Bits: [0x000001ee5beb0000, 0x000001ee5fc50000)

Polling page: 0x000001ee3e710000

Metaspace:

Usage:
  Non-class:      7.94 MB capacity,     5.64 MB ( 71%) used,     2.29 MB ( 29%) free+waste,     4.63 KB ( <1%) overhead. 
      Class:    718.00 KB capacity,   478.38 KB ( 67%) used,   238.43 KB ( 33%) free+waste,     1.19 KB ( <1%) overhead. 
       Both:      8.64 MB capacity,     6.11 MB ( 71%) used,     2.53 MB ( 29%) free+waste,     5.81 KB ( <1%) overhead. 

Virtual space:
  Non-class space:       10.00 MB reserved,       8.25 MB ( 83%) committed 
      Class space:        1.00 GB reserved,     768.00 KB ( <1%) committed 
             Both:        1.01 GB reserved,       9.00 MB ( <1%) committed 

Chunk freelists:
   Non-Class:  125.00 KB
       Class:  18.00 KB
        Both:  143.00 KB

MaxMetaspaceSize: 17179869184.00 GB
CompressedClassSpaceSize: 1.00 GB

CodeHeap 'non-profiled nmethods': size=120000Kb used=577Kb max_used=577Kb free=119422Kb
 bounds [0x000001ee4ef40000, 0x000001ee4f1b0000, 0x000001ee56470000]
CodeHeap 'profiled nmethods': size=120000Kb used=2445Kb max_used=2445Kb free=117554Kb
 bounds [0x000001ee47a10000, 0x000001ee47c80000, 0x000001ee4ef40000]
CodeHeap 'non-nmethods': size=5760Kb used=1287Kb max_used=1311Kb free=4473Kb
 bounds [0x000001ee47470000, 0x000001ee476e0000, 0x000001ee47a10000]
 total_blobs=1839 nmethods=1261 adapters=491
 compilation: enabled
              stopped_count=0, restarted_count=0
 full_count=0

Compilation events (20 events):
Event: 5.968 Thread 0x000001ee6310ba70 1254       3       java.nio.Bits::unreserveMemory (63 bytes)
Event: 5.968 Thread 0x000001ee6310ba70 nmethod 1254 0x000001ee47c6f290 code [0x000001ee47c6f460, 0x000001ee47c6f628]
Event: 5.968 Thread 0x000001ee6310ba70 1255       3       java.util.concurrent.atomic.AtomicLong::decrementAndGet (16 bytes)
Event: 5.968 Thread 0x000001ee6310ba70 nmethod 1255 0x000001ee47c6f790 code [0x000001ee47c6f920, 0x000001ee47c6fa38]
Event: 5.969 Thread 0x000001ee6310ba70 1256       3       java.util.Arrays::copyOf (40 bytes)
Event: 5.970 Thread 0x000001ee6310ba70 nmethod 1256 0x000001ee47c6fb10 code [0x000001ee47c6fd00, 0x000001ee47c703e8]
Event: 5.972 Thread 0x000001ee6310ba70 1257       3       com.badlogic.gdx.utils.XmlReader$Element::getAttribute (29 bytes)
Event: 5.972 Thread 0x000001ee6310ba70 nmethod 1257 0x000001ee47c70610 code [0x000001ee47c707e0, 0x000001ee47c70bc8]
Event: 5.974 Thread 0x000001ee6310ba70 1258       3       java.lang.Number::<init> (5 bytes)
Event: 5.974 Thread 0x000001ee6310ba70 nmethod 1258 0x000001ee47c70d90 code [0x000001ee47c70f20, 0x000001ee47c71078]
Event: 5.974 Thread 0x000001ee6310ba70 1259       3       com.badlogic.gdx.maps.MapProperties::put (11 bytes)
Event: 5.974 Thread 0x000001ee6310ba70 nmethod 1259 0x000001ee47c71110 code [0x000001ee47c712c0, 0x000001ee47c71408]
Event: 5.974 Thread 0x000001ee6310ba70 1260       3       java.lang.StrictMath::floorOrCeil (128 bytes)
Event: 5.974 Thread 0x000001ee6310ba70 nmethod 1260 0x000001ee47c71510 code [0x000001ee47c716c0, 0x000001ee47c71b18]
Event: 5.974 Thread 0x000001ee6310ba70 1262       3       com.badlogic.gdx.physics.box2d.Contact::<init> (34 bytes)
Event: 5.974 Thread 0x000001ee6310ba70 nmethod 1262 0x000001ee47c71c10 code [0x000001ee47c71dc0, 0x000001ee47c721a8]
Event: 5.974 Thread 0x000001ee6310ba70 1261       3       java.lang.Long::numberOfLeadingZeros (26 bytes)
Event: 5.975 Thread 0x000001ee6310ba70 nmethod 1261 0x000001ee47c72310 code [0x000001ee47c724c0, 0x000001ee47c72658]
Event: 5.975 Thread 0x000001ee6310ba70 1263       3       com.badlogic.gdx.physics.box2d.WorldManifold::<init> (51 bytes)
Event: 5.975 Thread 0x000001ee6310ba70 nmethod 1263 0x000001ee47c72710 code [0x000001ee47c72920, 0x000001ee47c73398]

GC Heap History (2 events):
Event: 5.962 GC heap before
{Heap before GC invocations=0 (full 0):
 garbage-first heap   total 253952K, used 20480K [0x0000000709800000, 0x0000000800000000)
  region size 2048K, 11 young (22528K), 0 survivors (0K)
 Metaspace       used 6248K, capacity 8849K, committed 9216K, reserved 1058816K
  class space    used 478K, capacity 718K, committed 768K, reserved 1048576K
}
Event: 5.966 GC heap after
{Heap after GC invocations=1 (full 0):
 garbage-first heap   total 253952K, used 4299K [0x0000000709800000, 0x0000000800000000)
  region size 2048K, 2 young (4096K), 2 survivors (4096K)
 Metaspace       used 6248K, capacity 8849K, committed 9216K, reserved 1058816K
  class space    used 478K, capacity 718K, committed 768K, reserved 1048576K
}

Deoptimization events (20 events):
Event: 5.954 Thread 0x000001ee638802f0 DEOPT PACKING pc=0x000001ee47b5783a sp=0x0000009ef32fe9c0
Event: 5.954 Thread 0x000001ee638802f0 DEOPT UNPACKING pc=0x000001ee474be23f sp=0x0000009ef32fe018 mode 0
Event: 5.954 Thread 0x000001ee638802f0 DEOPT PACKING pc=0x000001ee47b6510b sp=0x0000009ef32fea30
Event: 5.954 Thread 0x000001ee638802f0 DEOPT UNPACKING pc=0x000001ee474be23f sp=0x0000009ef32fe018 mode 0
Event: 5.954 Thread 0x000001ee638802f0 DEOPT PACKING pc=0x000001ee47b5783a sp=0x0000009ef32fe9c0
Event: 5.954 Thread 0x000001ee638802f0 DEOPT UNPACKING pc=0x000001ee474be23f sp=0x0000009ef32fe018 mode 0
Event: 5.954 Thread 0x000001ee638802f0 DEOPT PACKING pc=0x000001ee47b6510b sp=0x0000009ef32fea30
Event: 5.954 Thread 0x000001ee638802f0 DEOPT UNPACKING pc=0x000001ee474be23f sp=0x0000009ef32fe018 mode 0
Event: 5.954 Thread 0x000001ee638802f0 DEOPT PACKING pc=0x000001ee47b5783a sp=0x0000009ef32fe9c0
Event: 5.954 Thread 0x000001ee638802f0 DEOPT UNPACKING pc=0x000001ee474be23f sp=0x0000009ef32fe018 mode 0
Event: 5.954 Thread 0x000001ee638802f0 DEOPT PACKING pc=0x000001ee47b6510b sp=0x0000009ef32fea30
Event: 5.954 Thread 0x000001ee638802f0 DEOPT UNPACKING pc=0x000001ee474be23f sp=0x0000009ef32fe018 mode 0
Event: 5.954 Thread 0x000001ee638802f0 DEOPT PACKING pc=0x000001ee47b5783a sp=0x0000009ef32fe9c0
Event: 5.954 Thread 0x000001ee638802f0 DEOPT UNPACKING pc=0x000001ee474be23f sp=0x0000009ef32fe018 mode 0
Event: 5.955 Thread 0x000001ee638802f0 DEOPT PACKING pc=0x000001ee47b6510b sp=0x0000009ef32fea30
Event: 5.955 Thread 0x000001ee638802f0 DEOPT UNPACKING pc=0x000001ee474be23f sp=0x0000009ef32fe018 mode 0
Event: 5.955 Thread 0x000001ee638802f0 DEOPT PACKING pc=0x000001ee47b5783a sp=0x0000009ef32fe9c0
Event: 5.955 Thread 0x000001ee638802f0 DEOPT UNPACKING pc=0x000001ee474be23f sp=0x0000009ef32fe018 mode 0
Event: 5.961 Thread 0x000001ee638802f0 DEOPT PACKING pc=0x000001ee47b5e1ae sp=0x0000009ef32fe840
Event: 5.961 Thread 0x000001ee638802f0 DEOPT UNPACKING pc=0x000001ee474be23f sp=0x0000009ef32fddf8 mode 0

Classes unloaded (0 events):
No events

Classes redefined (0 events):
No events

Internal exceptions (0 events):
No events

Events (20 events):
Event: 1.436 Loaded shared library C:\Users\viliu\AppData\Local\Temp\libgdxviliu\1cecf4f6\lwjgl64.dll
Event: 1.467 Thread 0x000001ee6ba3a990 Thread exited: 0x000001ee6ba3a990
Event: 1.467 Thread 0x000001ee65f8fe80 Thread exited: 0x000001ee65f8fe80
Event: 1.534 Thread 0x000001ee6ba3a990 Thread added: 0x000001ee6ba3a990
Event: 1.681 Thread 0x000001ee6ba3a990 Thread exited: 0x000001ee6ba3a990
Event: 1.955 Loaded shared library C:\Users\viliu\AppData\Local\Temp\libgdxviliu\1cecf4f6\lwjgl64.dll
Event: 1.967 Loaded shared library C:\Users\viliu\AppData\Local\Temp\libgdxviliu\1cecf4f6\lwjgl64.dll
Event: 2.235 Loaded shared library C:\Users\viliu\AppData\Local\Temp\libgdxviliu\1cecf4f6\lwjgl64.dll
Event: 2.236 Loaded shared library C:\Users\viliu\AppData\Local\Temp\libgdxviliu\1cecf4f6\lwjgl64.dll
Event: 2.603 Loaded shared library C:\Users\viliu\AppData\Local\Temp\libgdxviliu\1cecf4f6\lwjgl64.dll
Event: 2.652 Loaded shared library C:\Users\viliu\.jdks\azul-15.0.6\bin\java.dll
Event: 2.886 Loaded shared library C:\Users\viliu\AppData\Local\Temp\libgdxviliu\1cecf4f6\lwjgl64.dll
Event: 2.887 Loaded shared library C:\Users\viliu\AppData\Local\Temp\libgdxviliu\1cecf4f6\lwjgl64.dll
Event: 3.303 Loaded shared library C:\Users\viliu\AppData\Local\Temp\libgdxviliu\1cecf4f6\lwjgl64.dll
Event: 3.304 Loaded shared library C:\Users\viliu\AppData\Local\Temp\libgdxviliu\1cecf4f6\lwjgl64.dll
Event: 4.371 Loaded shared library C:\Users\viliu\AppData\Local\Temp\libgdxviliu\1cecf4f6\lwjgl64.dll
Event: 5.402 Loaded shared library C:\Users\viliu\AppData\Local\Temp\libgdxviliu\1cecf4f6\lwjgl64.dll
Event: 5.404 Loaded shared library C:\Users\viliu\AppData\Local\Temp\libgdxviliu\e1cd32f8\gdx64.dll
Event: 5.962 Executing VM operation: G1CollectForAllocation
Event: 5.967 Executing VM operation: G1CollectForAllocation done


Dynamic libraries:
0x00007ff656340000 - 0x00007ff65634d000 	C:\Users\viliu\.jdks\azul-15.0.6\bin\java.exe
0x00007ff827d40000 - 0x00007ff827f49000 	C:\WINDOWS\SYSTEM32\ntdll.dll
0x00007ff826ec0000 - 0x00007ff826f7d000 	C:\WINDOWS\System32\KERNEL32.DLL
0x00007ff825300000 - 0x00007ff825674000 	C:\WINDOWS\System32\KERNELBASE.dll
0x00007ff8256f0000 - 0x00007ff825801000 	C:\WINDOWS\System32\ucrtbase.dll
0x00007ff8198e0000 - 0x00007ff8198f8000 	C:\Users\viliu\.jdks\azul-15.0.6\bin\jli.dll
0x00007ff8198c0000 - 0x00007ff8198d5000 	C:\Users\viliu\.jdks\azul-15.0.6\bin\VCRUNTIME140.dll
0x00007ff81c380000 - 0x00007ff81c625000 	C:\WINDOWS\WinSxS\amd64_microsoft.windows.common-controls_6595b64144ccf1df_6.0.22000.120_none_9d947278b86cc467\COMCTL32.dll
0x00007ff8271d0000 - 0x00007ff82737c000 	C:\WINDOWS\System32\USER32.dll
0x00007ff8252d0000 - 0x00007ff8252f6000 	C:\WINDOWS\System32\win32u.dll
0x00007ff826420000 - 0x00007ff8264c3000 	C:\WINDOWS\System32\msvcrt.dll
0x00007ff8264d0000 - 0x00007ff8264f9000 	C:\WINDOWS\System32\GDI32.dll
0x00007ff825950000 - 0x00007ff825a62000 	C:\WINDOWS\System32\gdi32full.dll
0x00007ff825230000 - 0x00007ff8252cd000 	C:\WINDOWS\System32\msvcp_win.dll
0x00007ff827b40000 - 0x00007ff827b71000 	C:\WINDOWS\System32\IMM32.DLL
0x00007ff8136e0000 - 0x00007ff81377b000 	C:\Users\viliu\.jdks\azul-15.0.6\bin\msvcp140.dll
0x00007fff9bb00000 - 0x00007fff9c693000 	C:\Users\viliu\.jdks\azul-15.0.6\bin\server\jvm.dll
0x00007ff826f80000 - 0x00007ff82702e000 	C:\WINDOWS\System32\ADVAPI32.dll
0x00007ff827be0000 - 0x00007ff827c7e000 	C:\WINDOWS\System32\sechost.dll
0x00007ff825be0000 - 0x00007ff825d00000 	C:\WINDOWS\System32\RPCRT4.dll
0x00007ff825de0000 - 0x00007ff825de8000 	C:\WINDOWS\System32\PSAPI.DLL
0x00007ff822b70000 - 0x00007ff822b79000 	C:\WINDOWS\SYSTEM32\WSOCK32.dll
0x00007ff827380000 - 0x00007ff8273ef000 	C:\WINDOWS\System32\WS2_32.dll
0x00007ff81da40000 - 0x00007ff81da73000 	C:\WINDOWS\SYSTEM32\WINMM.dll
0x00007ff81bfa0000 - 0x00007ff81bfaa000 	C:\WINDOWS\SYSTEM32\VERSION.dll
0x00007ff824420000 - 0x00007ff824438000 	C:\WINDOWS\SYSTEM32\kernel.appcore.dll
0x00007ff823050000 - 0x00007ff82305a000 	C:\Users\viliu\.jdks\azul-15.0.6\bin\jimage.dll
0x00007ff822c20000 - 0x00007ff822e41000 	C:\WINDOWS\SYSTEM32\DBGHELP.DLL
0x00007ff81ab90000 - 0x00007ff81abc1000 	C:\WINDOWS\SYSTEM32\dbgcore.DLL
0x00007ff825810000 - 0x00007ff82588f000 	C:\WINDOWS\System32\bcryptPrimitives.dll
0x00007ff819890000 - 0x00007ff8198b5000 	C:\Users\viliu\.jdks\azul-15.0.6\bin\java.dll
0x00007ff826530000 - 0x00007ff826cde000 	C:\WINDOWS\System32\SHELL32.dll
0x00007ff8233a0000 - 0x00007ff823c08000 	C:\WINDOWS\SYSTEM32\windows.storage.dll
0x00007ff8274e0000 - 0x00007ff827858000 	C:\WINDOWS\System32\combase.dll
0x00007ff823230000 - 0x00007ff823396000 	C:\WINDOWS\SYSTEM32\wintypes.dll
0x00007ff8273f0000 - 0x00007ff8274da000 	C:\WINDOWS\System32\SHCORE.dll
0x00007ff826d40000 - 0x00007ff826d9d000 	C:\WINDOWS\System32\shlwapi.dll
0x00007ff825160000 - 0x00007ff825181000 	C:\WINDOWS\SYSTEM32\profapi.dll
0x00007ff819870000 - 0x00007ff819889000 	C:\Users\viliu\.jdks\azul-15.0.6\bin\net.dll
0x00007ff81fde0000 - 0x00007ff81feec000 	C:\WINDOWS\SYSTEM32\WINHTTP.dll
0x00007ff824850000 - 0x00007ff8248b7000 	C:\WINDOWS\system32\mswsock.dll
0x00007ff819850000 - 0x00007ff819862000 	C:\Users\viliu\.jdks\azul-15.0.6\bin\nio.dll
0x00007ff815ba0000 - 0x00007ff815bb8000 	C:\Users\viliu\.jdks\azul-15.0.6\bin\zip.dll
0x000000006e700000 - 0x000000006e72a000 	C:\Users\viliu\AppData\Local\Temp\libgdxviliu\e1cd32f8\gdx64.dll
0x00007ff822fe0000 - 0x00007ff822ff0000 	C:\Users\viliu\.jdks\azul-15.0.6\bin\verify.dll
0x0000000180000000 - 0x0000000180053000 	C:\Users\viliu\AppData\Local\Temp\libgdxviliu\1cecf4f6\lwjgl64.dll
0x00007fffd5b70000 - 0x00007fffd5c71000 	C:\WINDOWS\SYSTEM32\OPENGL32.dll
0x00007fffd55d0000 - 0x00007fffd55fd000 	C:\WINDOWS\SYSTEM32\GLU32.dll
0x00007ff822640000 - 0x00007ff822678000 	C:\WINDOWS\SYSTEM32\dxcore.dll
0x000001ee63ec0000 - 0x000001ee63f24000 	C:\Users\viliu\AppData\Local\Temp\libgdxviliu\1cecf4f6\OpenAL64.dll
0x00007ff827030000 - 0x00007ff8271ca000 	C:\WINDOWS\System32\ole32.dll
0x00007ff822400000 - 0x00007ff8224ac000 	C:\WINDOWS\system32\uxtheme.dll
0x00007ff8278d0000 - 0x00007ff82797f000 	C:\WINDOWS\System32\clbcatq.dll
0x00007ff806690000 - 0x00007ff806732000 	C:\WINDOWS\SYSTEM32\dsound.dll
0x00007ff823c30000 - 0x00007ff823c7d000 	C:\WINDOWS\SYSTEM32\powrprof.dll
0x00007ff815f60000 - 0x00007ff815f89000 	C:\WINDOWS\SYSTEM32\winmmbase.dll
0x00007ffff5e10000 - 0x00007ffff5ec1000 	C:\WINDOWS\SYSTEM32\ResampleDmo.DLL
0x00007ff825d00000 - 0x00007ff825dd6000 	C:\WINDOWS\System32\OLEAUT32.dll
0x00007ff818ec0000 - 0x00007ff818ecb000 	C:\WINDOWS\SYSTEM32\msdmo.dll
0x00007ff823d20000 - 0x00007ff823d33000 	C:\WINDOWS\SYSTEM32\UMPDC.dll
0x00007ff8163f0000 - 0x00007ff81648c000 	C:\WINDOWS\System32\MMDevApi.dll
0x00007ff824f00000 - 0x00007ff824f2c000 	C:\WINDOWS\System32\DEVOBJ.dll
0x00007ff824f30000 - 0x00007ff824f7c000 	C:\WINDOWS\System32\CFGMGR32.dll
0x00007ff815cb0000 - 0x00007ff815e85000 	C:\WINDOWS\SYSTEM32\AUDIOSES.DLL
0x00007ff822730000 - 0x00007ff822745000 	C:\WINDOWS\SYSTEM32\resourcepolicyclient.dll
0x00007ff81f2c0000 - 0x00007ff81f379000 	C:\WINDOWS\SYSTEM32\mscms.dll
0x00007ff824c10000 - 0x00007ff824c37000 	C:\WINDOWS\SYSTEM32\bcrypt.dll
0x00007ff826da0000 - 0x00007ff826ebe000 	C:\WINDOWS\System32\MSCTF.dll
0x00007ff80b670000 - 0x00007ff80b79d000 	C:\WINDOWS\SYSTEM32\textinputframework.dll
0x00007ff820d70000 - 0x00007ff820ea2000 	C:\WINDOWS\SYSTEM32\CoreMessaging.dll
0x00007ff81e120000 - 0x00007ff81e48d000 	C:\WINDOWS\SYSTEM32\CoreUIComponents.dll
0x00007ff824ab0000 - 0x00007ff824abc000 	C:\WINDOWS\SYSTEM32\CRYPTBASE.DLL
0x00007ff81ebe0000 - 0x00007ff81ec24000 	C:\WINDOWS\SYSTEM32\directxdatabasehelper.dll
0x00007ff8226f0000 - 0x00007ff822724000 	C:\WINDOWS\SYSTEM32\ntmarta.dll
0x00007ff81de90000 - 0x00007ff81dfc4000 	C:\Windows\System32\AppXDeploymentClient.dll
0x00007ff81dca0000 - 0x00007ff81de8f000 	C:\WINDOWS\SYSTEM32\urlmon.dll
0x00007ff81d780000 - 0x00007ff81da33000 	C:\Windows\System32\iertutil.dll
0x00007ff81da80000 - 0x00007ff81daa8000 	C:\Windows\System32\srvcli.dll
0x00007ff824060000 - 0x00007ff82406c000 	C:\Windows\System32\netutils.dll
0x00007ff822f90000 - 0x00007ff822fbc000 	C:\WINDOWS\System32\DriverStore\FileRepository\u0372327.inf_amd64_9ba218a4d8e08e8c\B372145\atig6pxx.dll
0x00007fffa2ae0000 - 0x00007fffa5923000 	C:\WINDOWS\System32\DriverStore\FileRepository\u0372327.inf_amd64_9ba218a4d8e08e8c\B372145\atio6axx.dll
0x00007ff825df0000 - 0x00007ff82625c000 	C:\WINDOWS\System32\SETUPAPI.dll
0x00007ff800340000 - 0x00007ff800365000 	C:\WINDOWS\SYSTEM32\dxva2.dll
0x00007ff8226c0000 - 0x00007ff8226ef000 	C:\WINDOWS\SYSTEM32\dwmapi.dll
0x00007ff822f50000 - 0x00007ff822f8f000 	C:\WINDOWS\System32\DriverStore\FileRepository\u0372327.inf_amd64_9ba218a4d8e08e8c\B372145\atig6txx.dll
0x00007fffd5400000 - 0x00007fffd55cc000 	C:\WINDOWS\SYSTEM32\atiadlxx.dll
0x00007ff821dd0000 - 0x00007ff821ec7000 	C:\WINDOWS\SYSTEM32\PROPSYS.dll
0x00007fffe1880000 - 0x00007fffe18cf000 	C:\WINDOWS\SYSTEM32\pdh.dll
0x00007ff825680000 - 0x00007ff8256e7000 	C:\WINDOWS\System32\WINTRUST.dll
0x00007ff825a70000 - 0x00007ff825bd2000 	C:\WINDOWS\System32\CRYPT32.dll
0x00007ff824af0000 - 0x00007ff824b02000 	C:\WINDOWS\SYSTEM32\MSASN1.dll
0x00007fffef440000 - 0x00007fffef484000 	C:\WINDOWS\SYSTEM32\icm32.dll
0x0000000066b00000 - 0x0000000066b5b000 	C:\Users\viliu\AppData\Local\Temp\libgdxviliu\a14961b7\gdx-box2d64.dll

dbghelp: loaded successfully - version: 4.0.5 - missing functions: none
symbol engine: initialized successfully - sym options: 0x614 - pdb path: .;C:\Users\viliu\.jdks\azul-15.0.6\bin;C:\WINDOWS\SYSTEM32;C:\WINDOWS\WinSxS\amd64_microsoft.windows.common-controls_6595b64144ccf1df_6.0.22000.120_none_9d947278b86cc467;C:\Users\viliu\.jdks\azul-15.0.6\bin\server;C:\Users\viliu\AppData\Local\Temp\libgdxviliu\e1cd32f8;C:\Users\viliu\AppData\Local\Temp\libgdxviliu\1cecf4f6;C:\WINDOWS\System32\DriverStore\FileRepository\u0372327.inf_amd64_9ba218a4d8e08e8c\B372145;C:\Users\viliu\AppData\Local\Temp\libgdxviliu\a14961b7

VM Arguments:
jvm_args: -Dfile.encoding=windows-1252 -Duser.country=GB -Duser.language=en -Duser.variant 
java_command: com.viliu.subwaygunner.desktop.DesktopLauncher
java_class_path (initial): C:\Users\viliu\OneDrive\Desktop\studies\SubwayGunner\desktop\build\classes\java\main;C:\Users\viliu\OneDrive\Desktop\studies\SubwayGunner\desktop\build\resources\main;C:\Users\viliu\.gradle\caches\modules-2\files-2.1\com.badlogicgames.gdx\gdx-tools\1.10.0\d699cf4953fb42a071c7c3feb9b5c45601aa6a4b\gdx-tools-1.10.0.jar;C:\Users\viliu\.gradle\caches\modules-2\files-2.1\com.badlogicgames.gdx\gdx-backend-lwjgl\1.10.0\58ff89d9e4fd8a82591367f187d606e781cacc05\gdx-backend-lwjgl-1.10.0.jar;C:\Users\viliu\.gradle\caches\modules-2\files-2.1\com.badlogicgames.gdx\gdx-platform\1.10.0\9a8fa793d2fd6d360afc6c9e4c1f5583da263b88\gdx-platform-1.10.0-natives-desktop.jar;C:\Users\viliu\.gradle\caches\modules-2\files-2.1\com.badlogicgames.gdx\gdx-box2d-platform\1.10.0\588c4191c5a64ed39365e71484aa37d81c38eb5e\gdx-box2d-platform-1.10.0-natives-desktop.jar;C:\Users\viliu\.gradle\caches\modules-2\files-2.1\com.badlogicgames.gdx\gdx-bullet-platform\1.10.0\ce92e8dfc762523d769cbc50853163c03bf98cf1\gdx-bullet-platform-1.10.0-natives-desktop.jar;C:\Users\viliu\.gradle\caches\modules-2\files-2.1\com.badlogicgames.gdx\gdx-freetype-platform\1.10.0\6e5d28752759e69384f12e4569d2c884ff71352f\gdx-freetype-platform-1.10.0-natives-desktop.jar;C:\Users\viliu\.gradle\caches\modules-2\files-2.1\com.badlogicgames.gdx-controllers\gdx-controllers-desktop\2.1.0\6a40821fd5233d56ef82a78db790784e0d34a340\gdx-controllers-desktop-2.1.0.jar;C:\Users\viliu\OneDrive\Desktop\studies\SubwayGunner\core\build\libs\core-1.0.jar;C:\Users\viliu\.gradle\caches\modules-2\files-2.1\com.badlogicgames.gdx\gdx-backend-headless\1.10.0\990eadbb431197c5b9b816d1659c772e0268e65\gdx-backend-headless-1.10.0.jar;C:\Users\viliu\.gradle\caches\modules-2\files-2.1\com.badlogicgames.gdx\gdx-freetype\1.10.0\de1d0d5c1e92e8d91364256fd6b7bb279d3e9859\gdx-freetype-1.10.0.jar;C:\Users\viliu\.gradle\caches\modules-2\files-2.1\com.badlogicgames.gdx-controllers\gdx-controllers-core\2.1.0\7c282de3958795a6da5dd3cc2d64b9389a8f914
Launcher Type: SUN_STANDARD

[Global flags]
     intx CICompilerCount                          = 4                                         {product} {ergonomic}
     uint ConcGCThreads                            = 3                                         {product} {ergonomic}
     uint G1ConcRefinementThreads                  = 10                                        {product} {ergonomic}
   size_t G1HeapRegionSize                         = 2097152                                   {product} {ergonomic}
    uintx GCDrainStackTargetSize                   = 64                                        {product} {ergonomic}
   size_t InitialHeapSize                          = 260046848                                 {product} {ergonomic}
   size_t MarkStackSize                            = 4194304                                   {product} {ergonomic}
   size_t MaxHeapSize                              = 4135583744                                {product} {ergonomic}
   size_t MaxNewSize                               = 2480930816                                {product} {ergonomic}
   size_t MinHeapDeltaBytes                        = 2097152                                   {product} {ergonomic}
   size_t MinHeapSize                              = 8388608                                   {product} {ergonomic}
    uintx NonNMethodCodeHeapSize                   = 5839372                                {pd product} {ergonomic}
    uintx NonProfiledCodeHeapSize                  = 122909434                              {pd product} {ergonomic}
    uintx ProfiledCodeHeapSize                     = 122909434                              {pd product} {ergonomic}
    uintx ReservedCodeCacheSize                    = 251658240                              {pd product} {ergonomic}
     bool SegmentedCodeCache                       = true                                      {product} {ergonomic}
   size_t SoftMaxHeapSize                          = 4135583744                             {manageable} {ergonomic}
     bool UseCompressedClassPointers               = true                                 {lp64_product} {ergonomic}
     bool UseCompressedOops                        = true                                 {lp64_product} {ergonomic}
     bool UseG1GC                                  = true                                      {product} {ergonomic}
     bool UseLargePagesIndividualAllocation        = false                                  {pd product} {ergonomic}

Logging:
Log output configuration:
 #0: stdout all=warning uptime,level,tags
 #1: stderr all=off uptime,level,tags

Environment Variables:
PATH=C:\Program Files\Common Files\Oracle\Java\javapath;C:\ProgramData\Oracle\Java\javapath;C:\WINDOWS\system32;C:\WINDOWS;C:\WINDOWS\System32\Wbem;C:\WINDOWS\System32\WindowsPowerShell\v1.0\;C:\WINDOWS\System32\OpenSSH\;C:\MinGW\bin;C:\Git\cmd;C:\Program Files\nodejs\;C:\Users\viliu\AppData\Local\Microsoft\WindowsApps;C:\Microsoft VS Code\bin;C:\Program Files\JetBrains\IntelliJ IDEA Community Edition 2021.3.2\bin;;C:\Users\viliu\AppData\Roaming\npm;C:\Users\viliu\AppData\Roaming\Microsoft\Windows\Start Menu\Programs\Python 3.10;C:\Users\viliu\AppData\Roaming\Microsoft\Windows\Start Menu\Programs\Python 3.10\Scripts\;C:\Users\viliu\AppData\Local\Packages\PythonSoftwareFoundation.Python.3.10_qbz5n2kfra8p0\LocalCache\local-packages\Python310\site-packages\selenium\geckodriver.exe;
USERNAME=viliu
OS=Windows_NT
PROCESSOR_IDENTIFIER=AMD64 Family 23 Model 104 Stepping 1, AuthenticAMD



---------------  S Y S T E M  ---------------

OS:
 Windows 11 , 64 bit Build 22000 (10.0.22000.434)
OS uptime: 3 days 5:25 hours

CPU: total 12 (initial active 12) (12 cores per cpu, 2 threads per core) family 23 model 104 stepping 1 microcode 0x0, cmov, cx8, fxsr, mmx, sse, sse2, sse3, ssse3, sse4.1, sse4.2, popcnt, vzeroupper, avx, avx2, aes, clmul, 3dnowpref, lzcnt, sse4a, ht, tsc, tscinvbit, tscinv, bmi1, bmi2, adx, sha, fma, clflush, clflushopt

Memory: 4k page, system-wide physical 15771M (7808M free)
TotalPageFile size 18203M (AvailPageFile size 7431M)
current process WorkingSet (physical memory assigned to process): 135M, peak: 135M
current process commit charge ("private bytes"): 470M, peak: 473M

vm_info: OpenJDK 64-Bit Server VM (15.0.6+5-MTS) for windows-amd64 JRE (15.0.6+5-MTS) (Zulu15.38+17-CA), built on Dec 28 2021 08:32:49 by "zulu_re" with MS VC++ 15.9 (VS2017)

END.
